acme.sh-0533bde9f2d5b12886df91380707b24efba7d009-66abd8826cf5bdfd31ff9a1cfc396030636847f8 _ stdiff _ _ _ timeout
acme.sh-0533bde9f2d5b12886df91380707b24efba7d009-66abd8826cf5bdfd31ff9a1cfc396030636847f8 _ stdiff _ _ _ timeout
acme.sh-0533bde9f2d5b12886df91380707b24efba7d009-66abd8826cf5bdfd31ff9a1cfc396030636847f8 _ stdiff _ _ _ timeout
acme.sh-0533bde9f2d5b12886df91380707b24efba7d009-66abd8826cf5bdfd31ff9a1cfc396030636847f8 _ stdiff _ _ _ timeout
acme.sh-073ca4bf8d9b128784b65afc15b852389210a675-66ea5c9ba677a513156ab58ae6a63094e4be0af8 _ stdiff _ _ _ timeout
acme.sh-073ca4bf8d9b128784b65afc15b852389210a675-66ea5c9ba677a513156ab58ae6a63094e4be0af8 _ stdiff _ _ _ timeout
acme.sh-073ca4bf8d9b128784b65afc15b852389210a675-66ea5c9ba677a513156ab58ae6a63094e4be0af8 _ stdiff _ _ _ timeout
acme.sh-073ca4bf8d9b128784b65afc15b852389210a675-66ea5c9ba677a513156ab58ae6a63094e4be0af8 _ stdiff _ _ _ timeout
acme.sh-2cbc04e04d5aa245e01582e295ea745bfeaf141e-67fcdcb59f1aa8d0394a527a9e0b2ee482d4ac2a _ stdiff _ _ _ timeout
acme.sh-2cbc04e04d5aa245e01582e295ea745bfeaf141e-67fcdcb59f1aa8d0394a527a9e0b2ee482d4ac2a _ stdiff _ _ _ timeout
acme.sh-2cbc04e04d5aa245e01582e295ea745bfeaf141e-67fcdcb59f1aa8d0394a527a9e0b2ee482d4ac2a _ stdiff _ _ _ timeout
acme.sh-2cbc04e04d5aa245e01582e295ea745bfeaf141e-67fcdcb59f1aa8d0394a527a9e0b2ee482d4ac2a _ stdiff time(s):0.12455499 n+m:6175 cost(st):595 cost(es):59
acme.sh-3747b7d9301086b2a36185ebdba0839b1c1ab7e9-0caf0c0251869c7d1606ddff51bea3dd39fe0d53 _ stdiff time(s):13.342995692999999 n+m:13970 cost(st):590 cost(es):64
acme.sh-3747b7d9301086b2a36185ebdba0839b1c1ab7e9-0caf0c0251869c7d1606ddff51bea3dd39fe0d53 _ stdiff time(s):13.821608712 n+m:13962 cost(st):563 cost(es):52
acme.sh-3747b7d9301086b2a36185ebdba0839b1c1ab7e9-0caf0c0251869c7d1606ddff51bea3dd39fe0d53 _ stdiff time(s):13.204713605 n+m:13970 cost(st):592 cost(es):66
acme.sh-3747b7d9301086b2a36185ebdba0839b1c1ab7e9-0caf0c0251869c7d1606ddff51bea3dd39fe0d53 _ stdiff time(s):12.815570325 n+m:13970 cost(st):29 cost(es):12
acme.sh-47a25cc3e8b46c49d42591431a7c9cea985547ad-f53d8ad487c87dd86a090b94a47c4c2b4299f00b _ stdiff unknown(10)
acme.sh-47a25cc3e8b46c49d42591431a7c9cea985547ad-f53d8ad487c87dd86a090b94a47c4c2b4299f00b _ stdiff unknown(10)
acme.sh-47a25cc3e8b46c49d42591431a7c9cea985547ad-f53d8ad487c87dd86a090b94a47c4c2b4299f00b _ stdiff unknown(10)
acme.sh-47a25cc3e8b46c49d42591431a7c9cea985547ad-f53d8ad487c87dd86a090b94a47c4c2b4299f00b _ stdiff time(s):1.2574856e-2 n+m:12674 cost(st):0 cost(es):0
acme.sh-84b0f29d87e89a568307b5c6298ee3d5ebb78e35-21c9196fa3a405ab0ff521ab6e7adb331e62d7e5 _ stdiff time(s):1.444948957 n+m:7405 cost(st):29 cost(es):27
acme.sh-84b0f29d87e89a568307b5c6298ee3d5ebb78e35-21c9196fa3a405ab0ff521ab6e7adb331e62d7e5 _ stdiff time(s):0.965238241 n+m:7405 cost(st):5 cost(es):3
acme.sh-84b0f29d87e89a568307b5c6298ee3d5ebb78e35-21c9196fa3a405ab0ff521ab6e7adb331e62d7e5 _ stdiff time(s):1.370496498 n+m:7405 cost(st):29 cost(es):27
acme.sh-84b0f29d87e89a568307b5c6298ee3d5ebb78e35-21c9196fa3a405ab0ff521ab6e7adb331e62d7e5 _ stdiff time(s):1.883840495 n+m:7402 cost(st):26 cost(es):26
acme.sh-d87af4788e271869c91d5cc8115ba1c37e0eb293-49f3c3fd7923e2f1ac7a4a9a2a43e90ccd1b16a4 _ stdiff _ _ _ timeout
acme.sh-d87af4788e271869c91d5cc8115ba1c37e0eb293-49f3c3fd7923e2f1ac7a4a9a2a43e90ccd1b16a4 _ stdiff time(s):0.478244528 n+m:410522 cost(st):0 cost(es):0
acme.sh-d87af4788e271869c91d5cc8115ba1c37e0eb293-49f3c3fd7923e2f1ac7a4a9a2a43e90ccd1b16a4 _ stdiff _ _ _ timeout
acme.sh-d87af4788e271869c91d5cc8115ba1c37e0eb293-49f3c3fd7923e2f1ac7a4a9a2a43e90ccd1b16a4 _ stdiff _ _ _ timeout
bash3boilerplate-bbb589ee0af9d55c9a1bbb93b2fe17e811555c55-4dfe1db58057698e9aad5cbe2ccb49764e49062f _ stdiff time(s):1.07160656 n+m:4860 cost(st):236 cost(es):102
bash3boilerplate-bbb589ee0af9d55c9a1bbb93b2fe17e811555c55-4dfe1db58057698e9aad5cbe2ccb49764e49062f _ stdiff time(s):2.3492318549999998 n+m:4745 cost(st):683 cost(es):101
bash3boilerplate-bbb589ee0af9d55c9a1bbb93b2fe17e811555c55-4dfe1db58057698e9aad5cbe2ccb49764e49062f _ stdiff time(s):2.507921015 n+m:4847 cost(st):913 cost(es):203
bash3boilerplate-bbb589ee0af9d55c9a1bbb93b2fe17e811555c55-4dfe1db58057698e9aad5cbe2ccb49764e49062f _ stdiff time(s):2.564462142 n+m:4847 cost(st):919 cost(es):203
bash3boilerplate-e2602f6a588e2684ac5b79c7923a1c069e727f63-55d81b0dffb8a93f7870abe9482b8d9433fb1a74 _ stdiff _ _ _ timeout
bash3boilerplate-e2602f6a588e2684ac5b79c7923a1c069e727f63-55d81b0dffb8a93f7870abe9482b8d9433fb1a74 _ stdiff _ _ _ timeout
bash3boilerplate-e2602f6a588e2684ac5b79c7923a1c069e727f63-55d81b0dffb8a93f7870abe9482b8d9433fb1a74 _ stdiff _ _ _ timeout
bash3boilerplate-e2602f6a588e2684ac5b79c7923a1c069e727f63-55d81b0dffb8a93f7870abe9482b8d9433fb1a74 _ stdiff _ _ _ timeout
bashblog-09be7f7d905884dd94a76d106bef5fd2bd21ebb2-3380c982e929442915ac69d9dcb6d7665e6c105d _ stdiff _ _ _ timeout
bashblog-09be7f7d905884dd94a76d106bef5fd2bd21ebb2-3380c982e929442915ac69d9dcb6d7665e6c105d _ stdiff _ _ _ timeout
bashblog-09be7f7d905884dd94a76d106bef5fd2bd21ebb2-3380c982e929442915ac69d9dcb6d7665e6c105d _ stdiff _ _ _ timeout
bashblog-09be7f7d905884dd94a76d106bef5fd2bd21ebb2-3380c982e929442915ac69d9dcb6d7665e6c105d _ stdiff _ _ _ timeout
bashblog-62a26bb5759fa74277178a98cc2d45b0c404322a-0bac7922c97aba331c952f7e415a9545b2376351 _ stdiff _ _ _ timeout
bashblog-62a26bb5759fa74277178a98cc2d45b0c404322a-0bac7922c97aba331c952f7e415a9545b2376351 _ stdiff _ _ _ timeout
bashblog-62a26bb5759fa74277178a98cc2d45b0c404322a-0bac7922c97aba331c952f7e415a9545b2376351 _ stdiff _ _ _ timeout
bashblog-62a26bb5759fa74277178a98cc2d45b0c404322a-0bac7922c97aba331c952f7e415a9545b2376351 _ stdiff _ _ _ timeout
bashblog-e2735d926b2a8bfd7ee6050e3b87b30d315535f5-d5398d2b3cfe14da7a338c1b1aa0b9ddb7e3ca9d _ stdiff _ _ _ timeout
bashblog-e2735d926b2a8bfd7ee6050e3b87b30d315535f5-d5398d2b3cfe14da7a338c1b1aa0b9ddb7e3ca9d _ stdiff _ _ _ timeout
bashblog-e2735d926b2a8bfd7ee6050e3b87b30d315535f5-d5398d2b3cfe14da7a338c1b1aa0b9ddb7e3ca9d _ stdiff _ _ _ timeout
bashblog-e2735d926b2a8bfd7ee6050e3b87b30d315535f5-d5398d2b3cfe14da7a338c1b1aa0b9ddb7e3ca9d _ stdiff _ _ _ timeout
bash-git-prompt-0e6b70f8e3fe88e9070d8f6523808716c110e7d2-df90245b612907b017caeb7288b0eca913fd72ff _ stdiff time(s):5.4227946e-2 n+m:7138 cost(st):2 cost(es):2
bash-git-prompt-0e6b70f8e3fe88e9070d8f6523808716c110e7d2-df90245b612907b017caeb7288b0eca913fd72ff _ stdiff time(s):5.682255809 n+m:6952 cost(st):2597 cost(es):1112
bash-git-prompt-0e6b70f8e3fe88e9070d8f6523808716c110e7d2-df90245b612907b017caeb7288b0eca913fd72ff _ stdiff time(s):6.9430800569999995 n+m:7068 cost(st):2329 cost(es):996
bash-git-prompt-0e6b70f8e3fe88e9070d8f6523808716c110e7d2-df90245b612907b017caeb7288b0eca913fd72ff _ stdiff time(s):6.052892075 n+m:6952 cost(st):2597 cost(es):1110
bash-git-prompt-31773c1bd62d934e6d2d3478f604dbd1ca10f3dd-84791fa627c4fe7cf0eef869ec89b6da5991e236 _ stdiff time(s):13.204334038999999 n+m:8568 cost(st):8217 cost(es):3486
bash-git-prompt-31773c1bd62d934e6d2d3478f604dbd1ca10f3dd-84791fa627c4fe7cf0eef869ec89b6da5991e236 _ stdiff time(s):7.2781667269999994 n+m:6682 cost(st):373 cost(es):286
bash-git-prompt-31773c1bd62d934e6d2d3478f604dbd1ca10f3dd-84791fa627c4fe7cf0eef869ec89b6da5991e236 _ stdiff time(s):12.770701485 n+m:8922 cost(st):8508 cost(es):3676
bash-git-prompt-31773c1bd62d934e6d2d3478f604dbd1ca10f3dd-84791fa627c4fe7cf0eef869ec89b6da5991e236 _ stdiff time(s):10.178817399 n+m:8816 cost(st):8391 cost(es):3712
bash-git-prompt-45737de94592128b9c233f34c42fe518da0398b8-686804c9478814a88e0b33b1771f99b2e0537eb1 _ stdiff time(s):0.329622066 n+m:2389 cost(st):1691 cost(es):1655
bash-git-prompt-45737de94592128b9c233f34c42fe518da0398b8-686804c9478814a88e0b33b1771f99b2e0537eb1 _ stdiff time(s):0.233920363 n+m:1853 cost(st):1155 cost(es):1119
bash-git-prompt-45737de94592128b9c233f34c42fe518da0398b8-686804c9478814a88e0b33b1771f99b2e0537eb1 _ stdiff time(s):0.384840208 n+m:2389 cost(st):1691 cost(es):1655
bash-git-prompt-45737de94592128b9c233f34c42fe518da0398b8-686804c9478814a88e0b33b1771f99b2e0537eb1 _ stdiff time(s):5.7301421e-2 n+m:3508 cost(st):572 cost(es):536
bash-git-prompt-45737de94592128b9c233f34c42fe518da0398b8-f4ca70e3993772020809a8749ff8d7a1c4343a28 _ stdiff _ _ _ timeout
bash-git-prompt-45737de94592128b9c233f34c42fe518da0398b8-f4ca70e3993772020809a8749ff8d7a1c4343a28 _ stdiff _ _ _ timeout
bash-git-prompt-45737de94592128b9c233f34c42fe518da0398b8-f4ca70e3993772020809a8749ff8d7a1c4343a28 _ stdiff _ _ _ timeout
bash-git-prompt-45737de94592128b9c233f34c42fe518da0398b8-f4ca70e3993772020809a8749ff8d7a1c4343a28 _ stdiff _ _ _ timeout
bash-git-prompt-6f47998906982f3007962c65371f6da7a75798e6-a49f7846e078a8c9b9dd3ac4c5497af32165e106 _ stdiff time(s):0.923857859 n+m:7031 cost(st):1300 cost(es):121
bash-git-prompt-6f47998906982f3007962c65371f6da7a75798e6-a49f7846e078a8c9b9dd3ac4c5497af32165e106 _ stdiff time(s):13.126850367 n+m:9755 cost(st):8862 cost(es):3899
bash-git-prompt-6f47998906982f3007962c65371f6da7a75798e6-a49f7846e078a8c9b9dd3ac4c5497af32165e106 _ stdiff time(s):13.260031343 n+m:9755 cost(st):8862 cost(es):3899
bash-git-prompt-6f47998906982f3007962c65371f6da7a75798e6-a49f7846e078a8c9b9dd3ac4c5497af32165e106 _ stdiff time(s):13.60745023 n+m:9856 cost(st):9167 cost(es):3836
bash-git-prompt-71ab709ab9a840d360e338264148bd9b2f333bd8-84791fa627c4fe7cf0eef869ec89b6da5991e236 _ stdiff time(s):6.99747716 n+m:7025 cost(st):1046 cost(es):773
bash-git-prompt-71ab709ab9a840d360e338264148bd9b2f333bd8-84791fa627c4fe7cf0eef869ec89b6da5991e236 _ stdiff time(s):6.600797533 n+m:6833 cost(st):6734 cost(es):2333
bash-git-prompt-71ab709ab9a840d360e338264148bd9b2f333bd8-84791fa627c4fe7cf0eef869ec89b6da5991e236 _ stdiff time(s):11.450552461 n+m:8568 cost(st):8217 cost(es):3486
bash-git-prompt-71ab709ab9a840d360e338264148bd9b2f333bd8-84791fa627c4fe7cf0eef869ec89b6da5991e236 _ stdiff time(s):6.983185425 n+m:7424 cost(st):7328 cost(es):2504
bash-git-prompt-a91bbe7231602157986940abb18880e0bf79bc6e-1dab935ed679e4e1cc38bd3155b3b029479ddc0a _ stdiff _ _ _ timeout
bash-git-prompt-a91bbe7231602157986940abb18880e0bf79bc6e-1dab935ed679e4e1cc38bd3155b3b029479ddc0a _ stdiff _ _ _ timeout
bash-git-prompt-a91bbe7231602157986940abb18880e0bf79bc6e-1dab935ed679e4e1cc38bd3155b3b029479ddc0a _ stdiff _ _ _ timeout
bash-git-prompt-a91bbe7231602157986940abb18880e0bf79bc6e-1dab935ed679e4e1cc38bd3155b3b029479ddc0a _ stdiff _ _ _ timeout
bash-git-prompt-a91bbe7231602157986940abb18880e0bf79bc6e-aa76a493431a40543b6342870f8d7bac27ae2f70 _ stdiff time(s):0.857783838 n+m:3054 cost(st):3013 cost(es):1310
bash-git-prompt-a91bbe7231602157986940abb18880e0bf79bc6e-aa76a493431a40543b6342870f8d7bac27ae2f70 _ stdiff time(s):0.65933525 n+m:2925 cost(st):1248 cost(es):1119
bash-git-prompt-a91bbe7231602157986940abb18880e0bf79bc6e-aa76a493431a40543b6342870f8d7bac27ae2f70 _ stdiff time(s):0.843562004 n+m:3054 cost(st):3013 cost(es):1310
bash-git-prompt-a91bbe7231602157986940abb18880e0bf79bc6e-aa76a493431a40543b6342870f8d7bac27ae2f70 _ stdiff time(s):0.444031274 n+m:1935 cost(st):1894 cost(es):209
bash-git-prompt-b50cc5cb0d439a2dbde537b8117f5df9769e8fe2-9cff1c454b4836d4da20d8ca7c75201dd94b7778 _ stdiff time(s):1.175198891 n+m:6908 cost(st):332 cost(es):174
bash-git-prompt-b50cc5cb0d439a2dbde537b8117f5df9769e8fe2-9cff1c454b4836d4da20d8ca7c75201dd94b7778 _ stdiff time(s):4.676577925 n+m:6374 cost(st):688 cost(es):652
bash-git-prompt-b50cc5cb0d439a2dbde537b8117f5df9769e8fe2-9cff1c454b4836d4da20d8ca7c75201dd94b7778 _ stdiff time(s):3.997561968 n+m:6374 cost(st):926 cost(es):732
bash-git-prompt-b50cc5cb0d439a2dbde537b8117f5df9769e8fe2-9cff1c454b4836d4da20d8ca7c75201dd94b7778 _ stdiff time(s):3.655649987 n+m:6284 cost(st):839 cost(es):642
bash-git-prompt-d7cd692f7a6b12f087f7f7f37fe270cd5d0a3220-0275a316554a739d65dbaa91a2cb8b14bae1cb6c _ stdiff unknown(10)
bash-git-prompt-d7cd692f7a6b12f087f7f7f37fe270cd5d0a3220-0275a316554a739d65dbaa91a2cb8b14bae1cb6c _ stdiff unknown(10)
bash-git-prompt-d7cd692f7a6b12f087f7f7f37fe270cd5d0a3220-0275a316554a739d65dbaa91a2cb8b14bae1cb6c _ stdiff unknown(10)
bash-git-prompt-d7cd692f7a6b12f087f7f7f37fe270cd5d0a3220-0275a316554a739d65dbaa91a2cb8b14bae1cb6c _ stdiff time(s):9.241986e-3 n+m:6510 cost(st):0 cost(es):0
bash-git-prompt-df7894135a05b2509b8b365c705ddb089b5cdb10-42b8eaabf26cf9e023dacc9f9b4044c688637605 _ stdiff unknown(10)
bash-git-prompt-df7894135a05b2509b8b365c705ddb089b5cdb10-42b8eaabf26cf9e023dacc9f9b4044c688637605 _ stdiff unknown(10)
bash-git-prompt-df7894135a05b2509b8b365c705ddb089b5cdb10-42b8eaabf26cf9e023dacc9f9b4044c688637605 _ stdiff unknown(10)
bash-git-prompt-df7894135a05b2509b8b365c705ddb089b5cdb10-42b8eaabf26cf9e023dacc9f9b4044c688637605 _ stdiff _ _ _ timeout
bash-git-prompt-df7894135a05b2509b8b365c705ddb089b5cdb10-5c39736e15b9cd2cde179d591a1cc7d3def9b891 _ stdiff unknown(10)
bash-git-prompt-df7894135a05b2509b8b365c705ddb089b5cdb10-5c39736e15b9cd2cde179d591a1cc7d3def9b891 _ stdiff unknown(10)
bash-git-prompt-df7894135a05b2509b8b365c705ddb089b5cdb10-5c39736e15b9cd2cde179d591a1cc7d3def9b891 _ stdiff unknown(10)
bash-git-prompt-df7894135a05b2509b8b365c705ddb089b5cdb10-5c39736e15b9cd2cde179d591a1cc7d3def9b891 _ stdiff time(s):2.879e-3 n+m:2064 cost(st):0 cost(es):0
bash-git-prompt-f6eba356b0b725e4432726caa610b3af5a4d8277-1dab935ed679e4e1cc38bd3155b3b029479ddc0a _ stdiff _ _ _ timeout
bash-git-prompt-f6eba356b0b725e4432726caa610b3af5a4d8277-1dab935ed679e4e1cc38bd3155b3b029479ddc0a _ stdiff _ _ _ timeout
bash-git-prompt-f6eba356b0b725e4432726caa610b3af5a4d8277-1dab935ed679e4e1cc38bd3155b3b029479ddc0a _ stdiff _ _ _ timeout
bash-git-prompt-f6eba356b0b725e4432726caa610b3af5a4d8277-1dab935ed679e4e1cc38bd3155b3b029479ddc0a _ stdiff _ _ _ timeout
bash-git-prompt-f6eba356b0b725e4432726caa610b3af5a4d8277-aa76a493431a40543b6342870f8d7bac27ae2f70 _ stdiff time(s):0.700710804 n+m:2925 cost(st):1248 cost(es):1119
bash-git-prompt-f6eba356b0b725e4432726caa610b3af5a4d8277-aa76a493431a40543b6342870f8d7bac27ae2f70 _ stdiff time(s):0.812898924 n+m:3054 cost(st):3013 cost(es):1310
bash-git-prompt-f6eba356b0b725e4432726caa610b3af5a4d8277-aa76a493431a40543b6342870f8d7bac27ae2f70 _ stdiff time(s):0.928236068 n+m:3054 cost(st):3013 cost(es):1310
bash-git-prompt-f6eba356b0b725e4432726caa610b3af5a4d8277-aa76a493431a40543b6342870f8d7bac27ae2f70 _ stdiff time(s):0.425284588 n+m:1935 cost(st):1894 cost(es):209
bash-git-prompt-fc6d4d87e77e117d8b36c3834e73f11b04d8acf7-5416fecb1a82a8d589a41b38988467d74607aba5 _ stdiff time(s):3.0155522379999997 n+m:5907 cost(st):93 cost(es):87
bash-git-prompt-fc6d4d87e77e117d8b36c3834e73f11b04d8acf7-5416fecb1a82a8d589a41b38988467d74607aba5 _ stdiff time(s):1.325826227 n+m:5886 cost(st):205 cost(es):148
bash-git-prompt-fc6d4d87e77e117d8b36c3834e73f11b04d8acf7-5416fecb1a82a8d589a41b38988467d74607aba5 _ stdiff time(s):2.838887144 n+m:5907 cost(st):89 cost(es):83
bash-git-prompt-fc6d4d87e77e117d8b36c3834e73f11b04d8acf7-5416fecb1a82a8d589a41b38988467d74607aba5 _ stdiff time(s):2.8961232679999998 n+m:5915 cost(st):280 cost(es):221
bash-it-ad7c1eb304b17a3d8800ffa3a6379ca069f6027f-fd7b546d748d745c68c1ca93324af957755509a5 _ stdiff time(s):3.215512682 n+m:8797 cost(st):384 cost(es):189
bash-it-ad7c1eb304b17a3d8800ffa3a6379ca069f6027f-fd7b546d748d745c68c1ca93324af957755509a5 _ stdiff time(s):10.788184926 n+m:8724 cost(st):1942 cost(es):690
bash-it-ad7c1eb304b17a3d8800ffa3a6379ca069f6027f-fd7b546d748d745c68c1ca93324af957755509a5 _ stdiff time(s):11.50981651 n+m:8850 cost(st):2068 cost(es):808
bash-it-ad7c1eb304b17a3d8800ffa3a6379ca069f6027f-fd7b546d748d745c68c1ca93324af957755509a5 _ stdiff time(s):10.183876914999999 n+m:8913 cost(st):8417 cost(es):781
bashmarks-a68eb2d42409d413ae50d591aca180269fb1a1cf-650e416d9cb48a9e3ab30544c879b2d5142546d3 _ stdiff time(s):9.778053709 n+m:9453 cost(st):767 cost(es):431
bashmarks-a68eb2d42409d413ae50d591aca180269fb1a1cf-650e416d9cb48a9e3ab30544c879b2d5142546d3 _ stdiff time(s):6.067386324 n+m:9461 cost(st):1717 cost(es):559
bashmarks-a68eb2d42409d413ae50d591aca180269fb1a1cf-650e416d9cb48a9e3ab30544c879b2d5142546d3 _ stdiff time(s):10.737920053 n+m:9739 cost(st):2540 cost(es):1077
bashmarks-a68eb2d42409d413ae50d591aca180269fb1a1cf-650e416d9cb48a9e3ab30544c879b2d5142546d3 _ stdiff time(s):10.429113193 n+m:9814 cost(st):2486 cost(es):990
bash-powerline-10c9e0f1a99cba51550b7a5665eae9726c39dd54-faec072d1b88f12ab83078365d0d874748da3a26 _ stdiff time(s):13.700921674 n+m:10075 cost(st):7149 cost(es):4325
bash-powerline-10c9e0f1a99cba51550b7a5665eae9726c39dd54-faec072d1b88f12ab83078365d0d874748da3a26 _ stdiff time(s):0.103387385 n+m:6759 cost(st):46 cost(es):43
bash-powerline-10c9e0f1a99cba51550b7a5665eae9726c39dd54-faec072d1b88f12ab83078365d0d874748da3a26 _ stdiff time(s):11.756813574999999 n+m:10043 cost(st):7117 cost(es):4299
bash-powerline-10c9e0f1a99cba51550b7a5665eae9726c39dd54-faec072d1b88f12ab83078365d0d874748da3a26 _ stdiff time(s):10.363720347 n+m:10118 cost(st):9374 cost(es):4340
bashttpd-2825595dbb8dfeb7bfe7dc4596566c8fd96f9efd-a408a4db371cd6bfcf65d527264bbc47cfccec57 _ stdiff time(s):4.341744387 n+m:7335 cost(st):4285 cost(es):241
bashttpd-2825595dbb8dfeb7bfe7dc4596566c8fd96f9efd-a408a4db371cd6bfcf65d527264bbc47cfccec57 _ stdiff time(s):4.877056898 n+m:7142 cost(st):4 cost(es):4
bashttpd-2825595dbb8dfeb7bfe7dc4596566c8fd96f9efd-a408a4db371cd6bfcf65d527264bbc47cfccec57 _ stdiff time(s):5.485528832 n+m:7335 cost(st):4287 cost(es):245
bashttpd-2825595dbb8dfeb7bfe7dc4596566c8fd96f9efd-a408a4db371cd6bfcf65d527264bbc47cfccec57 _ stdiff time(s):4.97356589 n+m:7335 cost(st):4510 cost(es):245
homeshick-45eeb3c371a96fa26cb230dfe88f1d1cb38b432b-37de80af8bb92b77097f8bc132f95564a7efa407 _ stdiff time(s):6.123053242 n+m:7698 cost(st):3715 cost(es):454
homeshick-45eeb3c371a96fa26cb230dfe88f1d1cb38b432b-37de80af8bb92b77097f8bc132f95564a7efa407 _ stdiff time(s):6.06503414 n+m:7036 cost(st):5225 cost(es):1298
homeshick-45eeb3c371a96fa26cb230dfe88f1d1cb38b432b-37de80af8bb92b77097f8bc132f95564a7efa407 _ stdiff time(s):8.425369745 n+m:7475 cost(st):3927 cost(es):1653
homeshick-45eeb3c371a96fa26cb230dfe88f1d1cb38b432b-37de80af8bb92b77097f8bc132f95564a7efa407 _ stdiff time(s):6.1513160419999995 n+m:7458 cost(st):4612 cost(es):1690
homeshick-ca012aca8aad23d2a9bea45958cafa6529ce0bd7-ef6dc984f6ee0427d04e9a69e42e0ae352fc8e9c _ stdiff time(s):4.126161696 n+m:12204 cost(st):198 cost(es):186
homeshick-ca012aca8aad23d2a9bea45958cafa6529ce0bd7-ef6dc984f6ee0427d04e9a69e42e0ae352fc8e9c _ stdiff time(s):0.5930406069999999 n+m:11309 cost(st):1736 cost(es):1047
homeshick-ca012aca8aad23d2a9bea45958cafa6529ce0bd7-ef6dc984f6ee0427d04e9a69e42e0ae352fc8e9c _ stdiff time(s):3.286480999 n+m:11309 cost(st):1900 cost(es):1199
homeshick-ca012aca8aad23d2a9bea45958cafa6529ce0bd7-ef6dc984f6ee0427d04e9a69e42e0ae352fc8e9c _ stdiff time(s):3.362883358 n+m:11343 cost(st):1617 cost(es):1165
homeshick-f398537fa5f914574cb467560a825350685a0b00-272ca82e724a9539b30052ae0c9af02c5415d10f _ stdiff time(s):6.149459164 n+m:7267 cost(st):1306 cost(es):477
homeshick-f398537fa5f914574cb467560a825350685a0b00-272ca82e724a9539b30052ae0c9af02c5415d10f _ stdiff time(s):5.915367196 n+m:7679 cost(st):1874 cost(es):895
homeshick-f398537fa5f914574cb467560a825350685a0b00-272ca82e724a9539b30052ae0c9af02c5415d10f _ stdiff time(s):6.069690838 n+m:7728 cost(st):1799 cost(es):944
homeshick-f398537fa5f914574cb467560a825350685a0b00-272ca82e724a9539b30052ae0c9af02c5415d10f _ stdiff time(s):5.600145244 n+m:8150 cost(st):1828 cost(es):858
nvm-2d4c9b084643f69d32a3ad9764e473562bd66745-99eb87ab05fa60d4e3d08cb7a66f8cc3e3d8129b _ stdiff _ _ _ timeout
nvm-2d4c9b084643f69d32a3ad9764e473562bd66745-99eb87ab05fa60d4e3d08cb7a66f8cc3e3d8129b _ stdiff time(s):18.374712983 n+m:11465 cost(st):1934 cost(es):143
nvm-2d4c9b084643f69d32a3ad9764e473562bd66745-99eb87ab05fa60d4e3d08cb7a66f8cc3e3d8129b _ stdiff unknown(251)
nvm-2d4c9b084643f69d32a3ad9764e473562bd66745-99eb87ab05fa60d4e3d08cb7a66f8cc3e3d8129b _ stdiff _ _ _ timeout
nvm-4df45ac51a12904b5f9f5142443f0d6def432ea8-f59c99f4e7d986df1ac342adfbd91339e9af69e4 _ stdiff time(s):0.6132552139999999 n+m:54767 cost(st):14 cost(es):15
nvm-4df45ac51a12904b5f9f5142443f0d6def432ea8-f59c99f4e7d986df1ac342adfbd91339e9af69e4 _ stdiff time(s):1.068291339 n+m:54902 cost(st):173 cost(es):170
nvm-4df45ac51a12904b5f9f5142443f0d6def432ea8-f59c99f4e7d986df1ac342adfbd91339e9af69e4 _ stdiff time(s):1.100000568 n+m:54911 cost(st):187 cost(es):185
nvm-4df45ac51a12904b5f9f5142443f0d6def432ea8-f59c99f4e7d986df1ac342adfbd91339e9af69e4 _ stdiff time(s):0.895546368 n+m:54911 cost(st):188 cost(es):185
nvm-7805492bda4f3239e22779752f06c1371db55157-969af37d06dbcf8717fbefd8baaa3233855e4193 _ stdiff _ _ _ timeout
nvm-7805492bda4f3239e22779752f06c1371db55157-969af37d06dbcf8717fbefd8baaa3233855e4193 _ stdiff _ _ _ timeout
nvm-7805492bda4f3239e22779752f06c1371db55157-969af37d06dbcf8717fbefd8baaa3233855e4193 _ stdiff _ _ _ timeout
nvm-7805492bda4f3239e22779752f06c1371db55157-969af37d06dbcf8717fbefd8baaa3233855e4193 _ stdiff _ _ _ timeout
nvm-85566c96823fd0e78bbee43201107d1ffad8b91c-99eb87ab05fa60d4e3d08cb7a66f8cc3e3d8129b _ stdiff time(s):12.821979247 n+m:12218 cost(st):12068 cost(es):838
nvm-85566c96823fd0e78bbee43201107d1ffad8b91c-99eb87ab05fa60d4e3d08cb7a66f8cc3e3d8129b _ stdiff _ _ _ timeout
nvm-85566c96823fd0e78bbee43201107d1ffad8b91c-99eb87ab05fa60d4e3d08cb7a66f8cc3e3d8129b _ stdiff _ _ _ timeout
nvm-85566c96823fd0e78bbee43201107d1ffad8b91c-99eb87ab05fa60d4e3d08cb7a66f8cc3e3d8129b _ stdiff unknown(251)
nvm-903479aecaba9562b326d0440b897a059a33b528-9e157a63bdacf7cd088986c856ee1b6482a59bc4 _ stdiff _ _ _ timeout
nvm-903479aecaba9562b326d0440b897a059a33b528-9e157a63bdacf7cd088986c856ee1b6482a59bc4 _ stdiff _ _ _ timeout
nvm-903479aecaba9562b326d0440b897a059a33b528-9e157a63bdacf7cd088986c856ee1b6482a59bc4 _ stdiff _ _ _ timeout
nvm-903479aecaba9562b326d0440b897a059a33b528-9e157a63bdacf7cd088986c856ee1b6482a59bc4 _ stdiff unknown(251)
