awesome-28ffdb050e5386f268c5045c1b57ff5bce9a60ad-c8ea28607f0a2c8af68d0e9cda7ea2d62e6118df _ stdiff conflicting
awesome-564fae893477e09b87b6bb525aab9bad44a4ba6d-97e939661a152b5b5cd5f694aaaba610e21d1ed7 _ stdiff conflicting
awesome-564fae893477e09b87b6bb525aab9bad44a4ba6d-f2afefcede9690ee431236f4130560586df334a0 _ stdiff success
awesome-56c22cde770e179121791481b00450cf90a00a7c-97e939661a152b5b5cd5f694aaaba610e21d1ed7 _ stdiff conflicting
awesome-56c22cde770e179121791481b00450cf90a00a7c-c9d0a483d3a7bc8175cccff0c2896410ade78924 _ stdiff conflicting
awesome-copycats-ce330c716b60337aeaa562d294253de1978082b7-5234811325583e76de773c99babeb7192e8f9a16 _ stdiff unknown(251)
awesome-copycats-ce330c716b60337aeaa562d294253de1978082b7-920c55d723f0fccd7736adf02d3d708695ef47a6 _ stdiff unknown(251)
awesome-copycats-ce330c716b60337aeaa562d294253de1978082b7-94dee4da5e962e98f2f3cb623f6941ed3d1f4272 _ stdiff unknown(251)
awesome-copycats-ce330c716b60337aeaa562d294253de1978082b7-97f87a963bfb98c732bfb95d10b3c95f5432f150 _ stdiff unknown(251)
awesome-copycats-ce330c716b60337aeaa562d294253de1978082b7-9f53ffc7b35f1fd4c0626ff5b159de28958490b5 _ stdiff unknown(251)
awesome-copycats-ce330c716b60337aeaa562d294253de1978082b7-c7cc927f0c559f4023e21f72f7a929938b1983f6 _ stdiff unknown(251)
awesome-copycats-ce330c716b60337aeaa562d294253de1978082b7-d922b7f06e8ebecdbc1b1973560613b4841a7691 _ stdiff unknown(251)
awesome-copycats-ce330c716b60337aeaa562d294253de1978082b7-fa0e0cefd971148281e29a71c2deea972f2c0cd7 _ stdiff unknown(251)
busted-13cb72f7cb536b9af632c27a98a92b6243ef4127-fab02eb9cb072dd5b74772c82cc6f5bd0c5edc98 _ stdiff timeout
busted-4d7538d0085d9dd12eec0f405051786596c252ae-1ac5bdc0c158d27a71cb26dfc0e5d55a259948bc _ stdiff conflicting
busted-5257736b993a40e7e6c3bf5b9be85fc21daced57-220b318d9896964a7522a5970ba157a9fd90d2cf _ stdiff conflicting
busted-5257736b993a40e7e6c3bf5b9be85fc21daced57-408373d00ff17f1913f7da8d1982f50001a45c9d _ stdiff timeout
busted-92d4982d94dab524f11d54c5d66c66194a15e414-d228e631ac0117c1b9422f1a5e220948ca00c36d _ stdiff conflicting
busted-a38447d1b8428a9f583a99a0a0ff9ae2ac6e5c86-1086fdda06a0d662fe46ecb8bd8138e665fc5f4a _ stdiff conflicting
busted-ce15872f8f602e460276b2cb62a9ee6557296832-57badd7e0130f325a7a6bc86b506cb5ad0e92073 _ stdiff conflicting
busted-eee3a346d3d3de4c2485242197f10d49d2c30337-37766b6ddd2e0da00e1708e2c3f19dec75c50eaf _ stdiff parse-error
busted-ef2136aa2e56bce4a79917dda9c72d8a5d7712d4-ad129e3dad4b098c33a9a75d6e49a5c4e28c3529 _ stdiff conflicting
busted-f141b40d96e83b5da1720424212335d8e0d29246-2be725512013124effe9c9cd59dc97169dd54f87 _ stdiff conflicting
CorsixTH-0c0f33701616b3e7378bc2bcb02b71be9381010e-16e196b54dd3c0b66d7f7f72c9a080a1bb1dd0ea _ stdiff conflicting
CorsixTH-4d8f0e4b8d4a7e4d033d77ad728e93fe9db5df1d-ce1e2348ef1aec1ba9071ab315ec1331f59e87ed _ stdiff unknown(251)
CorsixTH-4d8f0e4b8d4a7e4d033d77ad728e93fe9db5df1d-d6059226e7f2c0b265205aed891ac5c6998d278f _ stdiff unknown(251)
CorsixTH-51e4662344d127c8bcbb74c08835354781b94ca7-9e62d4e67746a5b2b101ea8cf1606cf4d361ee81 _ stdiff unknown(251)
CorsixTH-603599e518387068fa1df06dd744c8e0d2a75873-e430f5ff6f909436acd2e6bb902a76750cc5e932 _ stdiff success
CorsixTH-6ad4cad18c49a230162b38c9e452e90a6622984f-6050f67426463be54e84033fbae4475e8f053de1 _ stdiff conflicting
CorsixTH-6ad4cad18c49a230162b38c9e452e90a6622984f-dd6434d1c8d0aa73664b33a3a543525e6f03dc2d _ stdiff timeout
CorsixTH-6d31388040dfd63707bce4af8bf1cfa6f69a9fcd-17a97eafb0619d0d7f4a60fc80d9bedf5eb9243f _ stdiff timeout
CorsixTH-6d31388040dfd63707bce4af8bf1cfa6f69a9fcd-bebb6c7b56062cbac65cd9af8e5a6227774a2565 _ stdiff unknown(251)
CorsixTH-7d00bbb635c481b92740cdd37eb9c5443ebc49ec-c115b0129778a90f4fb1bfae8c1b13cd15c28248 _ stdiff unknown(251)
CorsixTH-c9af3d75ddae212cd5fa805fa2d9de002f56fa2b-2ac61c242211a1ed5ce251de5bd0f22d497e0c24 _ stdiff unknown(251)
CorsixTH-cc17336e69def0a63d7f9105a6e62980fd8756c2-c4f94451d7abda1509517fc1112370e29977d94d _ stdiff unknown(251)
CorsixTH-cc17336e69def0a63d7f9105a6e62980fd8756c2-e17e3985e2a3c7619548fdf0629f98c96900e30b _ stdiff unknown(251)
CorsixTH-d0d9e75ef76e7c244de92a77f0f38a0d268b2f24-4af7aaf1958414c71bdb8452d5fa5cdc539ab6e3 _ stdiff unknown(251)
CorsixTH-d0d9e75ef76e7c244de92a77f0f38a0d268b2f24-4de59893e3b50cc54786ae50548e068d27fcbfcd _ stdiff unknown(251)
CorsixTH-d0d9e75ef76e7c244de92a77f0f38a0d268b2f24-f054122a840c6d4f733a9753581ea6f693719fb3 _ stdiff conflicting
Fennel-07ebc0c72e5b79624bd71d45192a01e745f1161a-12fbb708974f9903115fb5cbde8e59159e2747e4 _ stdiff merge-diff
Fennel-11f818e3403024184e1c17d0635b4d04787b2e4e-3d09507de9cd5a4c62f01709ac56dcac0a278deb _ stdiff conflicting
Fennel-1f8475e651e0b1101121af012b413256cb76d9f3-e313d3c4341e2ba0f3ecedb755744b6fa22762fa _ stdiff conflicting
Fennel-2ead8da81750cb408c54264851066ef6da8f5fdf-b9a4c1bb6d5758513a6ec9c63256160cf369ee8f _ stdiff unknown(251)
Fennel-31e5a7772bd1a2c8c413a56982736b8ecbae1f58-49155502fbbbf861c50f2922f1b611dfc6b83fd5 _ stdiff unknown(251)
Fennel-6cad02114be9c4eace7027bee916b700a362d3c9-1a76f08a21b487328f03d3eafd01b1201da67e81 _ stdiff unknown(251)
Fennel-801a4dfaaca6eed6bf956d8133e93379349988d2-958524667e6a31c6d46db4b4a77e2757e417072f _ stdiff unknown(251)
Fennel-c865ecfa7356d193bdf51471c49a1614b13ba6f6-f4b6174fa86f949851952acfb82c5bd96c7cb3b4 _ stdiff unknown(251)
Fennel-e60a5dc721666d7ab15f28f7ec2d9d00ffb5a81a-2eeeb07ff028b91eff3b514e8fc2d1db56e850f2 _ stdiff conflicting
Fennel-e60a5dc721666d7ab15f28f7ec2d9d00ffb5a81a-9a8cd92e64b48e4878310a12469abfb604c95617 _ stdiff unknown(251)
Fennel-f02e1cd35b21ac75d738ebd940bf5b1a940d86d8-7ada3ecc6994c5dcfd3a97f6c5fca11bf475a22e _ stdiff conflicting
Fennel-f87df5feb8cc7e0d5d38b27e1ae6a8f069b61e8c-ecd6ce2bb31ae03ff4a7892715b7cbec54a1f811 _ stdiff unknown(251)
hawkthorne-journey-0b7f565dfbb0cac7a76f882c5443fe319792833a-a7844164e5dafc5276e3323d65c32d809cf3a2e0 _ stdiff success
hawkthorne-journey-0d59c86d2ac19f2e4a8b6a5e6610882892b7f5fa-31b00680329717006e789695c1ac69ce6b08a0f3 _ stdiff conflicting
hawkthorne-journey-0d59c86d2ac19f2e4a8b6a5e6610882892b7f5fa-c09e33488370bc2824ad7d8fb66b3a1f845d890e _ stdiff timeout
hawkthorne-journey-122c36cbc3f01fdecff9d4e183a54dc10dab0c6c-277a8b47889034d04f09fcdd61035c42446d948c _ stdiff unknown(251)
hawkthorne-journey-122c36cbc3f01fdecff9d4e183a54dc10dab0c6c-afbf9cb2b1d34765cade826dbf1f8d9df4c95a08 _ stdiff conflicting
hawkthorne-journey-172127e1d02c5368fea56df06da0fe32323169d7-6096a3169b4b40f527d92a41fab3b3c17cc006db _ stdiff conflicting
hawkthorne-journey-209afe18443665f7937b5f4cbb129dcb96316bcc-b8838ba57af16ac1174fd36d6a9911e020744b28 _ stdiff merge-diff
hawkthorne-journey-226ecdd8e1b44dc4c79442bdd7cf2e5866f06597-819db55ad83d40657a48804cc89bad6403e87d92 _ stdiff success
hawkthorne-journey-226ecdd8e1b44dc4c79442bdd7cf2e5866f06597-f8ad63f9aeb78910a82ba29d7e09abc244c177df _ stdiff success
hawkthorne-journey-236ed921ab06115a3f0f1898adfc3cb49ebae366-6564597c898c6d5ab5ac10c1117a3492355f48b7 _ stdiff conflicting
hawkthorne-journey-236ed921ab06115a3f0f1898adfc3cb49ebae366-75254b359f278731abaae018c03dc4d06cf8eda2 _ stdiff success
hawkthorne-journey-2d2fe36c0147ef5058abe66abaf67a0fed636d22-85e9005f4a8da8b5120cebeaaceddfcfe735fa60 _ stdiff success
hawkthorne-journey-38afe49c2d94277a104450efa90975cb42b55e2d-3e466ee9193807423a30a63fc2201b3ecd064678 _ stdiff conflicting
hawkthorne-journey-3d2a763cc4c4a8e1e967cb75f4d7add8b9352ffb-694ac05f1d9eaa20d1b2393bdd92936f380d9627 _ stdiff conflicting
hawkthorne-journey-3d371390ea5899179bb6b748d550291ba16c5130-6e9fb830d03983cff562de6230a154e35f058b80 _ stdiff conflicting
hawkthorne-journey-3d6c908fcce4dc4f60fe67a095921cfa3da225cf-746ea4424dde7913ebdf2e813a7cdca453e4858f _ stdiff merge-diff
hawkthorne-journey-3f42e867ce05ed316789726c678823b9a8e27e9c-ff67c760b2a7bf542c931bef7c7464b4026d1ce4 _ stdiff conflicting
hawkthorne-journey-40dfe8a4f89d2615a3e3526bf45005b7237f892c-a4f97f5ce8f9b5fe0ff477e45ee3587dd3f1bc2b _ stdiff conflicting
hawkthorne-journey-40f08ce55e949c8aeda9885c18ae968f6abb94a8-81001d7ba23e62ce2028e041125ee54ea02a42a1 _ stdiff conflicting
hawkthorne-journey-46c0c78e18dca555a3441f3b63d2ff081fbd1f81-035a2f499f0d091995b203765e429c5baf4c83e3 _ stdiff conflicting
hawkthorne-journey-4a3c89f527d4725192cb5b91b5dd733b8d2fbfb6-c39770657d95ce62e1ad3a1a219415afdbe66311 _ stdiff conflicting
hawkthorne-journey-4d73388953960a691b53c4dbdcc2701c3ba58e23-97a082039368e6138fb21f847b430f5854cc3fb2 _ stdiff merge-diff
hawkthorne-journey-4e6367738bf197e043a5862cb749920d5ddf2ce4-169147f5f7d2bf2b10af19d0d11744f590a7d548 _ stdiff conflicting
hawkthorne-journey-4e6367738bf197e043a5862cb749920d5ddf2ce4-4fcfdc398656b969f9808ce4829ad9d8568805f5 _ stdiff conflicting
hawkthorne-journey-4e6367738bf197e043a5862cb749920d5ddf2ce4-6f04e8b8564f8f2d1d4f9cfbd43ff727d61eb59e _ stdiff conflicting
hawkthorne-journey-4e6367738bf197e043a5862cb749920d5ddf2ce4-7b986a7bdd47369a2d38f715a3421c2b22e0d915 _ stdiff conflicting
hawkthorne-journey-4e6367738bf197e043a5862cb749920d5ddf2ce4-b7e28478fd536ad4f2e589adbe4e455544d50cec _ stdiff conflicting
hawkthorne-journey-4e6367738bf197e043a5862cb749920d5ddf2ce4-bdba1b2615e82e8e881a709d36ee5fe03983398d _ stdiff conflicting
hawkthorne-journey-4e6367738bf197e043a5862cb749920d5ddf2ce4-d51e9ec2fb51264b976640ce68ef56f08ac097ec _ stdiff conflicting
hawkthorne-journey-4e6367738bf197e043a5862cb749920d5ddf2ce4-ecb3e25fd97758a6fb37d65f836b24c455aa1c00 _ stdiff conflicting
hawkthorne-journey-4efd4a0b156840c7b9a93d70eff8830af1961caf-cec0d20058b95219d4303e2bee84a4bc41325593 _ stdiff timeout
hawkthorne-journey-500006b24aa83fe1b81842e38f9ff3488d3c357a-fa9c2128a47b440b17038278021941201a12aa87 _ stdiff conflicting
hawkthorne-journey-54d4387a95f508c618bc57d4f7d1d9c9ea15a3fb-b22de7ebc3f47c6bde8c638213dd4fb5e14b25b4 _ stdiff success
hawkthorne-journey-556716f386b8c85f2cac4a6a9a18f9737c9da700-5e9ef9a18fed583459d8f12f653e501475f7af72 _ stdiff conflicting
hawkthorne-journey-56605bef74e8ef16c5acbe7e1a78fce9351e7dca-8e7af053a2004e5638d7c9d38f1f3305219819d5 _ stdiff conflicting
hawkthorne-journey-56ca7af909e1bd4bbe94340788af140510e4a030-0a0930c91301dfe37fd8449f386cae3b06fe9594 _ stdiff conflicting
hawkthorne-journey-56ca7af909e1bd4bbe94340788af140510e4a030-c8c1441be620a2f494c40e65d63da7246d42f0d0 _ stdiff parse-error
hawkthorne-journey-56ca7af909e1bd4bbe94340788af140510e4a030-cd9e9ccba61a636ecf303afdbaeadfb8b7bd656d _ stdiff parse-error
hawkthorne-journey-56ca7af909e1bd4bbe94340788af140510e4a030-efd107b83dfd47f61309239c2b839afde5c8623b _ stdiff parse-error
hawkthorne-journey-59c15b5d9cbfb9c6242701bc6b17d24432d07f50-7fc17600b11852dbddd2d6cbf347b48396df3078 _ stdiff conflicting
hawkthorne-journey-5d091b6834f3e9bab09895e31d3419c4281cc74f-c30245dd801b83bab1a3272330c43fce9ee51b3f _ stdiff success
hawkthorne-journey-5ed84199e53a232405ae7d841f0f67ae1b819a52-2aa73ccd63ec7a0746d78065df35a2a958e00264 _ stdiff success
hawkthorne-journey-60eba8f7d8c806da1eab67e0446ff7b426bfc37f-165c4855f88bcf7b20afaedb3e81af867aafe691 _ stdiff conflicting
hawkthorne-journey-60eba8f7d8c806da1eab67e0446ff7b426bfc37f-3793d3dfd0289117b2e8fb2f9f2ae0783833dc7c _ stdiff conflicting
hawkthorne-journey-60eba8f7d8c806da1eab67e0446ff7b426bfc37f-89d6a6639e3444bd39f09e813b13aa7a0bdebb43 _ stdiff conflicting
hawkthorne-journey-60eba8f7d8c806da1eab67e0446ff7b426bfc37f-9a6c8d2d62536b8b9918932f76bd3d88b9912c93 _ stdiff conflicting
hawkthorne-journey-60eba8f7d8c806da1eab67e0446ff7b426bfc37f-bcbb7da2e391481755d7566a5647e05845ada94b _ stdiff conflicting
hawkthorne-journey-60eba8f7d8c806da1eab67e0446ff7b426bfc37f-ceb359f5a84f1460cc0b66325ecd1cfa7d3732e7 _ stdiff conflicting
hawkthorne-journey-60eba8f7d8c806da1eab67e0446ff7b426bfc37f-dda4676a771997a894f543370f1155d924d139e0 _ stdiff conflicting
hawkthorne-journey-6175ab31ec241afd859ca0e9814ae4e0003e17ec-3d6ff88dbf2e186581c25d90ed298b1098e53ffd _ stdiff conflicting
hawkthorne-journey-6175ab31ec241afd859ca0e9814ae4e0003e17ec-ce60785a308f57636d3dc15e35dc368b2e6d264d _ stdiff conflicting
hawkthorne-journey-63a43900c347b1c6f9ddeb54532ace1492f340c8-c3574ba83063232fc61f7c8ca312e3ff54d8e019 _ stdiff conflicting
hawkthorne-journey-66e8117b58840faed07dfd6ff06353710fc8650d-d09b33a7544235f6e761376fa9e1184f50175503 _ stdiff conflicting
hawkthorne-journey-68e4533075f1a32d3ad19ec29deb7bdb5928f14e-0678fd4e563bad5afd52e2dd3540fc85c215ac7c _ stdiff conflicting
hawkthorne-journey-68e4533075f1a32d3ad19ec29deb7bdb5928f14e-5d5cd5a6eb41fc4d81f146f38d1eeb9e7e642168 _ stdiff conflicting
hawkthorne-journey-68e4533075f1a32d3ad19ec29deb7bdb5928f14e-9e294ba9581ac79aea30f50f8474165c0b6eac9a _ stdiff conflicting
hawkthorne-journey-68e4533075f1a32d3ad19ec29deb7bdb5928f14e-b5651ce5ee8d0d9f821d8d4eabb365edfc3c5508 _ stdiff merge-diff
hawkthorne-journey-6a5a4dbbdefbde5b75951ed9699015ad1e1cf827-a0ae7a946c97d5bb6594ffe1442b13fe31fdf20a _ stdiff conflicting
hawkthorne-journey-70615e08e24221d6869de5583ff60fc4f85b2b7d-5b8aa8f79eb8036f5bfce94266e0a74b4848b10b _ stdiff conflicting
hawkthorne-journey-70615e08e24221d6869de5583ff60fc4f85b2b7d-d172a80ccb7b862cea169829f420490d9cbc0318 _ stdiff conflicting
hawkthorne-journey-7724a7965d6357c3ec1020f72d60f7d1d74772b2-264a501617a8f0776a97dde6dbcf1a3d3ff6af39 _ stdiff success
hawkthorne-journey-777dbc881a81abbe5811cccdc83452ffc13f2c1f-762162e5a70d302851432a572cdf6297913776bc _ stdiff timeout
hawkthorne-journey-77b3b55dd4471aa54d09421345b6bd9c1ea230dd-db3e73212e822f990a6a4e56d063279d5c0aec4d _ stdiff conflicting
hawkthorne-journey-783f4dc91c1b743534bb4aa6f23fee41739243cc-346c30d9bcf1661dc67d47593519db4139916000 _ stdiff conflicting
hawkthorne-journey-7affff503aa27def3e4acad2379b1e0f1081e806-6b77d5b86871445a2375bf0228a10004efd5f264 _ stdiff conflicting
hawkthorne-journey-7cc624833ad8450b5bfc91798cfe9c7da1029831-57ec274cf42a4a9c4e91c1a07f6295049ad2eb5b _ stdiff conflicting
hawkthorne-journey-7d61562471e71cd6e097901a0e678a2526f2bfba-90856180c0b871a18838e1219da9edc7d6932558 _ stdiff conflicting
hawkthorne-journey-7d61562471e71cd6e097901a0e678a2526f2bfba-9460dfeb623bb7b77ab40cbf44a60958c38b755d _ stdiff unknown(251)
hawkthorne-journey-7e3c381b1af306dd6048e572b24c2fe0be3e35f9-36893df0919268d3d0c947b1f47deb7f55f82a4a _ stdiff unknown(251)
hawkthorne-journey-835cdaf1eac24055eb6aaaf5c586b9a63e1a8dc8-d8a9388ac7adbeba0d6ef995dc5072241d1200c0 _ stdiff conflicting
hawkthorne-journey-84510626877d77febfca0a1d7bb9dd0172102cd3-8280b350b46041c052d4671e5e14dd76c3389505 _ stdiff conflicting
hawkthorne-journey-8453c708daa6b4345bd50192d9278694019a5156-c85a4761b8153374ca79a8f615269b047cb1772a _ stdiff conflicting
hawkthorne-journey-85c00835aee4580492eb95dcbdd31a21964aebfc-6ac9f3fd0cd20050ff9b6abcf49942b0df7635a1 _ stdiff conflicting
hawkthorne-journey-85c00835aee4580492eb95dcbdd31a21964aebfc-96f1254d7e9c4b28568dffa795fdd75a7299e94a _ stdiff conflicting
hawkthorne-journey-85c00835aee4580492eb95dcbdd31a21964aebfc-ed90d78a48291ace6b12dd0d6fc3a5067aa832d0 _ stdiff timeout
hawkthorne-journey-861eb961d3324a21420c15cdd9e2aea2b76ad4be-07fcde0c35a73ec6789bf92ab9a938c6337273a4 _ stdiff conflicting
hawkthorne-journey-87c2aa4c9329ff2c21c19d891febbf342fab82ef-afe8ebb6747a3f5defc1702ba6b32e384b1221bf _ stdiff conflicting
hawkthorne-journey-89fe83cbf1aab90ddc2035d4b553241ab56d8d4f-840b3c7d7057fc1d571bb7545f4b66901e6bbfa7 _ stdiff unknown(251)
hawkthorne-journey-89fe83cbf1aab90ddc2035d4b553241ab56d8d4f-bc961d84481ee5abb0f5dbf6a3e3fe37543e44a4 _ stdiff merge-diff
hawkthorne-journey-89fe83cbf1aab90ddc2035d4b553241ab56d8d4f-beeda22e8ef2f68ac48d933b29141c4aef722596 _ stdiff conflicting
hawkthorne-journey-8abd015dfd504e883931432f5a9e82a8b241fa71-74db00f2310a3e832e753fa200358e841edd1e8f _ stdiff conflicting
hawkthorne-journey-8abd015dfd504e883931432f5a9e82a8b241fa71-bb8c50ae1bec0c764656251a750463a669104dff _ stdiff conflicting
hawkthorne-journey-8c98d8b7ffcfaf5d0e5a00a79799320a72d60a96-23f172072627a2cb85938ca321aa1f16d5ece27a _ stdiff conflicting
hawkthorne-journey-8c98d8b7ffcfaf5d0e5a00a79799320a72d60a96-d1b31713344497dfd58c9b5d4f65f0a9880fb9a7 _ stdiff timeout
hawkthorne-journey-9074158c8a661fcd089155112bc49252a3e44214-132791b3d4428ed766902241f42e7b8edd3d8144 _ stdiff success
hawkthorne-journey-9074158c8a661fcd089155112bc49252a3e44214-29aa936198f59f958de78a411b8c6c55b814f2f2 _ stdiff success
hawkthorne-journey-9074158c8a661fcd089155112bc49252a3e44214-37356ccf9037cbe1fb40d9426978be542b4a38d7 _ stdiff success
hawkthorne-journey-9074158c8a661fcd089155112bc49252a3e44214-5eb50fbb391421fc3084ea838a2a8da2dca5e1b2 _ stdiff success
hawkthorne-journey-9074158c8a661fcd089155112bc49252a3e44214-62962e9584b24b6e54beb0b5ecbcdc6c1367ab4f _ stdiff success
hawkthorne-journey-9074158c8a661fcd089155112bc49252a3e44214-6d111a74a193769ed029af347d97a6980afc75e7 _ stdiff success
hawkthorne-journey-9074158c8a661fcd089155112bc49252a3e44214-c1e9928ffd25a6b810dee721b1d51cdea3e02381 _ stdiff parse-error
hawkthorne-journey-9074158c8a661fcd089155112bc49252a3e44214-cf22f1995265b46289329a5e39946e6c9c825fda _ stdiff success
hawkthorne-journey-9074158c8a661fcd089155112bc49252a3e44214-d0afc85f63c8a4411fa2f3c1ae15bfcaef43c52f _ stdiff success
hawkthorne-journey-9074158c8a661fcd089155112bc49252a3e44214-e0eb12519ff596848e8e22ec3622128982f7714c _ stdiff success
hawkthorne-journey-9074158c8a661fcd089155112bc49252a3e44214-e4cb6935dce7ada85f8a58cd5999bc5d61786a53 _ stdiff success
hawkthorne-journey-95a3bafd4b779260336618ba5830e24456c51058-d6e695f31765fc9a11f9d06f6e997d85f57f3b41 _ stdiff conflicting
hawkthorne-journey-9cd68e4d980250f5d3d94848b272210a177161da-ff5ecfc12c5b6afd8651c7c4d3580a4f8156fcba _ stdiff conflicting
hawkthorne-journey-a3214bf5be22d14dbe4656b57d3b2653b973f889-40adf3b3b27ebc590636f3c8713bc640b47a2a7c _ stdiff unknown(251)
hawkthorne-journey-a3214bf5be22d14dbe4656b57d3b2653b973f889-835b65ce046eed1b989432abc0ad8802754e2c75 _ stdiff conflicting
hawkthorne-journey-a3214bf5be22d14dbe4656b57d3b2653b973f889-a6e7f525d6583d1297b3938fb3e0c9c54cbdfafb _ stdiff conflicting
hawkthorne-journey-a5611ab670dee42e50aba6cf23f49dfb7708c91b-4ccefab6625b1afc64cfe7c72793c9092612dc1f _ stdiff conflicting
hawkthorne-journey-a6e83f168e04cb5d05b6d1779d5a396ac1140ffa-60413b64adb894cf2db683410ac7940f7f473629 _ stdiff merge-diff
hawkthorne-journey-a7ca31329b5cbadbad4c56b953c343841f7fff20-6ac9f3fd0cd20050ff9b6abcf49942b0df7635a1 _ stdiff conflicting
hawkthorne-journey-a7eec3360939583bd06babb00bef27fa00e35082-87f38d5ca67f4faa4e3b161e3ccdba74f306c340 _ stdiff conflicting
hawkthorne-journey-a84c62a882e8e4e1e79cbe5b64f77320c7c47348-414711dca879e6c805b2a561215746e526716da8 _ stdiff conflicting
hawkthorne-journey-ad9ef9534fbe15f4601fc956b3c1d0afabcff50d-e6efdc8e49f0eac9095b30ecd0e30a23a35abcd0 _ stdiff success
hawkthorne-journey-b9da19df2dcb8fb55de9f3533d9df59abf163a50-223bafed0709f751488729e7a72f426f9f187fbf _ stdiff conflicting
hawkthorne-journey-ba81b5e75c45f34a4dcbc3b0aa7bf7c577dea04a-2616152ab07ec23af321debea096421c949000ac _ stdiff conflicting
hawkthorne-journey-baab34094dca59d08e1b54d01cf9b7b555336cdd-a4846d9694bbc37d673603f812d232ec7f076058 _ stdiff conflicting
hawkthorne-journey-bdbd1908465ceadfe80c0febc6283bd0dc3b171a-2d40cd16b25ca9d292e248296f402a6f2ca64884 _ stdiff conflicting
hawkthorne-journey-bdbd1908465ceadfe80c0febc6283bd0dc3b171a-d56acb9d0dd9bd27453e4989a437c6b234fb2fe0 _ stdiff conflicting
hawkthorne-journey-bdca142cedeacd0147d30b94ffb847aca9bd24c9-8988dabf66f1bcb36c9ee389da907809da423dbe _ stdiff conflicting
hawkthorne-journey-c01d475d97952832b45d8f5eb547f2b2d1d913c7-d1b31713344497dfd58c9b5d4f65f0a9880fb9a7 _ stdiff timeout
hawkthorne-journey-c19098b3e1ab63ebdcdf95003d25d353dba7d562-2761bab2c39459e442720c6cb757b21e46b56299 _ stdiff timeout
hawkthorne-journey-c19098b3e1ab63ebdcdf95003d25d353dba7d562-56234ee6c63b3dc7e4fcf773e5147f45397c02a7 _ stdiff conflicting
hawkthorne-journey-c19098b3e1ab63ebdcdf95003d25d353dba7d562-86584a62e7ca0bd0ecf216a2ea1efbb6293c05ca _ stdiff conflicting
hawkthorne-journey-c5df9a7fccc9d6be07e07dde4c3ac760e18ab023-5d5cd5a6eb41fc4d81f146f38d1eeb9e7e642168 _ stdiff conflicting
hawkthorne-journey-c8d267bd26e861a531a9901af67bbe2ee73140d0-23293aebe75609d096afdb52d2d29f9a11252a22 _ stdiff conflicting
hawkthorne-journey-c8d267bd26e861a531a9901af67bbe2ee73140d0-77716bcc440bd667aa2073e41eb788efaf49e14d _ stdiff unknown(251)
hawkthorne-journey-cb588008ef0d99381f416d04c9b92cd03f8930cb-ed90d78a48291ace6b12dd0d6fc3a5067aa832d0 _ stdiff timeout
hawkthorne-journey-cca3f578f151bf819b98128ade0738c8e43c2747-42bdf69699b6e3deaf8bf59f346bb28b8ebf76c3 _ stdiff unknown(251)
hawkthorne-journey-cca3f578f151bf819b98128ade0738c8e43c2747-86584a62e7ca0bd0ecf216a2ea1efbb6293c05ca _ stdiff conflicting
hawkthorne-journey-cca3f578f151bf819b98128ade0738c8e43c2747-9dc4a41cfb6970f327057fd597155a8cbb08a69b _ stdiff conflicting
hawkthorne-journey-cca3f578f151bf819b98128ade0738c8e43c2747-bb8c50ae1bec0c764656251a750463a669104dff _ stdiff conflicting
hawkthorne-journey-cca3f578f151bf819b98128ade0738c8e43c2747-c5c10e0f06f1274ff289ef214dbed32f028ef408 _ stdiff parse-error
hawkthorne-journey-cd588676c4c61dd14c6b2cd73a4a70e3b442a7e1-3bd3996d8e67149d32b817c76030ff77ae5261cd _ stdiff conflicting
hawkthorne-journey-ce781c402cbe75ec3d187c3f6f08f1b090914bb9-5d041b4093b18ad3935d41e385920bec69240fe2 _ stdiff success
hawkthorne-journey-ce781c402cbe75ec3d187c3f6f08f1b090914bb9-b65e02334491ed8c5e6d0c160e1ae01163b05cf6 _ stdiff conflicting
hawkthorne-journey-cf60491f96eabbc3a59768bff7154f0d68c2c9d1-0e96bfecd0ccd8de1ca0d6e36e01900567be2af6 _ stdiff unknown(251)
hawkthorne-journey-d0007fbf5ba59e5166407ee0ea775eef6fcbfbcd-bb599b279ba00f3d3d29fa8c106b246cea398640 _ stdiff conflicting
hawkthorne-journey-d10c8c8a337311d0cf4e074544c99880d157d3f9-87f38d5ca67f4faa4e3b161e3ccdba74f306c340 _ stdiff success
hawkthorne-journey-d10c8c8a337311d0cf4e074544c99880d157d3f9-df89a5276dce2593b55d4c287342988e25c9133f _ stdiff timeout
hawkthorne-journey-d222b55024918be7d0391e087310bae8073628f6-d63ff74f1889f9957fda0e6c7baa811d43e653b4 _ stdiff merge-diff
hawkthorne-journey-d4e2a9631585e018730dcc299a958455f94adc52-c128c557504da6c4272f2caac3d333b62e6c13a8 _ stdiff conflicting
hawkthorne-journey-ddf3cc166d93bbf55d9b96781addf6b9dd99e457-c128c557504da6c4272f2caac3d333b62e6c13a8 _ stdiff timeout
hawkthorne-journey-e1a1f92739f1860f58ba98c11d7d5d94d477766e-5a965cbc2b1d99565f38431a2eb33ad0ae3bd397 _ stdiff conflicting
hawkthorne-journey-e1a1f92739f1860f58ba98c11d7d5d94d477766e-db3e73212e822f990a6a4e56d063279d5c0aec4d _ stdiff success
hawkthorne-journey-e1a1f92739f1860f58ba98c11d7d5d94d477766e-ece4ce0d7791200d31987a84fc8f5f7c882a22bc _ stdiff conflicting
hawkthorne-journey-e6e36a1e86d9007566598a737ca6d9fd346905ee-98dbea41ac44e25ec718cddaf6f90fd341cc1df6 _ stdiff conflicting
hawkthorne-journey-e90f6c63ed1adb7b3123efd199bf3bf19989c5d4-5fe323dc16b868c467f66764c5f8aa2ef02049d9 _ stdiff conflicting
hawkthorne-journey-e90f6c63ed1adb7b3123efd199bf3bf19989c5d4-60413b64adb894cf2db683410ac7940f7f473629 _ stdiff merge-diff
hawkthorne-journey-e9539ce19519ce3b2af554a9a9e06a6804d08b83-393bee3176582e3ac875caa8ceffb4a76c48360f _ stdiff merge-diff
hawkthorne-journey-ea89b043e46de181b3e1f292d626a90b00c9e421-1ce8afe69fb63afa8ce4fe05567dc3d7de9e8ea4 _ stdiff conflicting
hawkthorne-journey-ea89b043e46de181b3e1f292d626a90b00c9e421-3a74d097179135fd386fc055fc95b375ddcaee7a _ stdiff conflicting
hawkthorne-journey-ea89b043e46de181b3e1f292d626a90b00c9e421-e91560ba606ff087fc35e3610cb6ccba53357e2f _ stdiff conflicting
hawkthorne-journey-eb6cf7dc5fe116e24ccb3f915b129fb9fb199122-f56d050a1e0742a814b36de863191a4083bdb068 _ stdiff conflicting
hawkthorne-journey-eb964a75e76227e565d68e20cdaf79128162a9f2-fff3f7a7d3ea941076eb36a7266faedf9e787146 _ stdiff conflicting
hawkthorne-journey-ecabb09be5b6def2ca62be12be0810188ebc2bd5-bc78cdc70ae820e98c1044596a1e38a7ad287736 _ stdiff conflicting
hawkthorne-journey-f0216623fbe03152c2055fb56d1c1b9df9e32181-3142fc2c8610a9ac37cdfcd894824939be9b877b _ stdiff conflicting
hawkthorne-journey-f0216623fbe03152c2055fb56d1c1b9df9e32181-8280b350b46041c052d4671e5e14dd76c3389505 _ stdiff conflicting
hawkthorne-journey-f0216623fbe03152c2055fb56d1c1b9df9e32181-86045d6c55fd155f7a9116003a75aab11a44198a _ stdiff conflicting
hawkthorne-journey-f0216623fbe03152c2055fb56d1c1b9df9e32181-901a608488ac66b254d6da5e4a8b0ac3d3f26047 _ stdiff conflicting
hawkthorne-journey-f0216623fbe03152c2055fb56d1c1b9df9e32181-be986fa0873a49f879b78ab3636c1d95c21cad69 _ stdiff conflicting
hawkthorne-journey-f0216623fbe03152c2055fb56d1c1b9df9e32181-fc8ab50d3c6c4bd87aa231311936f42c934cd20b _ stdiff conflicting
hawkthorne-journey-f0216623fbe03152c2055fb56d1c1b9df9e32181-fd4636ba11f50612dd789c8d2376f33ab776f42f _ stdiff conflicting
hawkthorne-journey-f05690b5affbf1cedf6d1b76ef4cd58aa7239c0f-3539d8002959c45bfa332c08020047e79f07b92e _ stdiff conflicting
hawkthorne-journey-f207f320ad05901cc550bd7fe93afb6c36b871de-88e52870ef106910d6de5a220584691b53100ae0 _ stdiff conflicting
hawkthorne-journey-f2ece3410097a187cdc95569a681016f254ca431-b9d172961ab76fd7111b268ed5ccf329c5b09ff8 _ stdiff parse-error
hawkthorne-journey-fd9529bf6ea58c8fe952c0853fd2ccd76b018b4c-f814091dfa5b20f9213fb65dafb0779621fe8467 _ stdiff conflicting
hawkthorne-journey-fd964a9c57e56964e74955fb933727daacb72f46-5d9bb8f21cad801be9a005782bedd82db268e05f _ stdiff conflicting
hawkthorne-journey-fd964a9c57e56964e74955fb933727daacb72f46-5ded12e2ec30d76f5c3c44b767bf65a93bd1701c _ stdiff conflicting
hawkthorne-journey-ffdd1534b725ae745c37a47c70b814949bb41181-29be054937596756b24b5b82355e21f7219c9465 _ stdiff conflicting
hawkthorne-journey-ffdd1534b725ae745c37a47c70b814949bb41181-6dade858d327cf6a9598b4dc97235bcd774f3179 _ stdiff conflicting
hawkthorne-journey-ffdd1534b725ae745c37a47c70b814949bb41181-7572c8852ad2e1fab597024e2af753364060fd2e _ stdiff conflicting
hawkthorne-journey-ffdd1534b725ae745c37a47c70b814949bb41181-f837e7b1e1cc44fa30f6da0856fd821b89de057a _ stdiff conflicting
json.lua-fd58f2987693a8cc3ece430fa454355d5aa5e57a-a3d7530a6a64f896589ae8e7fec5d25078f79a7a _ stdiff conflicting
kong-07b725eca9944a30634743f88d78cbe69cd60e30-2fbd0b660dc2bf0e920c0c9ed78e4dd8944dcbf6 _ stdiff unknown(251)
kong-07b725eca9944a30634743f88d78cbe69cd60e30-eb0342632bfa876ef7360be237704857cee086c4 _ stdiff parse-error
kong-175729835ef374ae06887ed2d75f21ac067a7c91-5c57a10dcbf2cd53ab74e2c96b7cc38e16683aa1 _ stdiff conflicting
kong-17bf145b974f408ea4d14941db2469130fb1dbb9-9a40eae43d06b7ef622226a142bc42f27423587f _ stdiff unknown(251)
kong-17bf145b974f408ea4d14941db2469130fb1dbb9-9b0b58fb809fe37eae0740725d6d7b607c293d79 _ stdiff conflicting
kong-17bf145b974f408ea4d14941db2469130fb1dbb9-ab2671909511067886a25d1e8d12cbaa8eef1aba _ stdiff conflicting
kong-18bc349b65309d6b9defc40aa9a4631fae837d4e-f553e5f47d8963cde84bb7ff1f2380c2da914028 _ stdiff conflicting
kong-1a5746ae102f843b087801d4a5a1ca01ff625f03-dfc04faea7b7e81274a05c311e62dae14920c42f _ stdiff conflicting
kong-28d6cf2ffcf2bebe8779a20838ec21ed78afeeda-70045da4a8d20ca85570e5a4c04646f98927ce38 _ stdiff conflicting
kong-28d6cf2ffcf2bebe8779a20838ec21ed78afeeda-d952b51e6c95e00382869fa0395c1b7760bab280 _ stdiff conflicting
kong-2b71933aefe7852e4bdb4c7ba1e134a62a5b8161-01c64f14e589dc0d7b5703137dcc35e0aea69d7d _ stdiff conflicting
kong-2b71933aefe7852e4bdb4c7ba1e134a62a5b8161-7a78023414b3f544c5ab9e1628c6e184ad2ac096 _ stdiff conflicting
kong-2b71933aefe7852e4bdb4c7ba1e134a62a5b8161-c01f64a4253ebf580aa66f090add3453b7ab6998 _ stdiff conflicting
kong-2b71933aefe7852e4bdb4c7ba1e134a62a5b8161-da4ab75d41610e076f8a435cee9049e6136ea949 _ stdiff conflicting
kong-2b71933aefe7852e4bdb4c7ba1e134a62a5b8161-f2511bc37809b2e02237d32b410ac220e818b8ca _ stdiff conflicting
kong-2bf4def8deaa0797bff0df80e92321da028600fc-e5856b2177d20a2a6a0ec20a9078507dc2460116 _ stdiff conflicting
kong-2cfc6b326d12e08ff3294441b5f35622b6b4d19a-e1ff2cd14eb0ba0ed8e9844f70683e0acf1eac0f _ stdiff conflicting
kong-2e1931ead191adc3a916494842cea0c7402e8c24-24f7854ce50eaf3e970691ee5982d2336c9ea6b1 _ stdiff conflicting
kong-3ab10f543844ed4408ab3090eaa073731f628d47-e5856b2177d20a2a6a0ec20a9078507dc2460116 _ stdiff conflicting
kong-3c2ba585d471e5648d2942c0ee310a2b16c20af6-e1f3b54696f238824eb84e000ee48405c15c5c30 _ stdiff conflicting
kong-3c47101bfa30baf7aa4274d65a2146e87c3cba6c-ba34b948d866c0e9e10897f39368fa0acbbad1bf _ stdiff conflicting
kong-3c47101bfa30baf7aa4274d65a2146e87c3cba6c-c62a8b6f5fac609e5855f49abd37eb7ff75d0ce8 _ stdiff conflicting
kong-45d02921ae02759c8b545fb6a071f402da091805-ec4642d1252dadff204f15dbbfe6afbdae74b7da _ stdiff parse-error
kong-4729349d9c6a525e4cbc838c128f4a29f6352947-e0084f5743d41690eaa3141ec523e8b5f4cfa42c _ stdiff success
kong-4e72a3537f4d8f1eb3f26845775f2bf5de47636f-4cf320363249e76c4cf201b26fd36e4abd7f6215 _ stdiff conflicting
kong-4e72a3537f4d8f1eb3f26845775f2bf5de47636f-e8b137277892b2d2efd34fe9af5603f3daafd90b _ stdiff conflicting
kong-573577b9559077376e77959cea5e7412c0b0fc79-6d7ad5b076167812340e7c252358d549cef4d82d _ stdiff conflicting
kong-573577b9559077376e77959cea5e7412c0b0fc79-c69d3aae3d6013688ac4766a3cc7ff19e7bf76c4 _ stdiff conflicting
kong-5736272128ea3a08ee3c2035e6711f4c9710f352-3b4f0878e398ddb5f29d9d6d5fd30ece9c13a1e6 _ stdiff conflicting
kong-5736272128ea3a08ee3c2035e6711f4c9710f352-6d7ad5b076167812340e7c252358d549cef4d82d _ stdiff conflicting
kong-5736272128ea3a08ee3c2035e6711f4c9710f352-abeaed527c55c2de578de67586baeea183de5187 _ stdiff conflicting
kong-5736272128ea3a08ee3c2035e6711f4c9710f352-c69d3aae3d6013688ac4766a3cc7ff19e7bf76c4 _ stdiff conflicting
kong-58345780a23634edc32dec4ae5d28c7a7eee1dec-52e1692e1ba39ae23c83e50d9bed41c7629c0201 _ stdiff success
kong-58345780a23634edc32dec4ae5d28c7a7eee1dec-8059db905f196216e79719e1756283dead3b7cdf _ stdiff success
kong-5a40776b8dac4d66238217b7be5ab1a929448391-8440d01c3780b3887a7012bd6b1977c95ee87d18 _ stdiff success
kong-5a9f39e00c281438b66a89c98b5e28d7616ceba3-39c519db27381c5d1c9c1f34d69bd97b606359af _ stdiff conflicting
kong-5a9f39e00c281438b66a89c98b5e28d7616ceba3-6d1025a4e5de2bafad1ab3b1fa881483fa49f806 _ stdiff unknown(251)
kong-5b4f743886c79b7652505cd3775dadac936d196c-1278bda29730ff0d840a107a9a63e0b9ca6eedfa _ stdiff conflicting
kong-5b4f743886c79b7652505cd3775dadac936d196c-4f1e019b7b90ecacc4d34c0a64b8b125165095d7 _ stdiff conflicting
kong-5b4f743886c79b7652505cd3775dadac936d196c-835db8a07a09b86a18ffc5161c446c51d469ce41 _ stdiff conflicting
kong-5cc967974bbee5a73a75c028fae7cd58d29e11f8-558a3fc8776998e8893a65b4f55423c239522cf6 _ stdiff conflicting
kong-5cc967974bbee5a73a75c028fae7cd58d29e11f8-6b43b3f58de0183007395ae0fe21f9e986db04c4 _ stdiff conflicting
kong-5cc967974bbee5a73a75c028fae7cd58d29e11f8-e689ce2369a9d987c4b40ee23510d1ea7d785f3f _ stdiff conflicting
kong-5cc967974bbee5a73a75c028fae7cd58d29e11f8-efffaf1729afb549c48d9c0ccb1faaa28aecb677 _ stdiff conflicting
kong-5d23147f64dbd4108b439ed8107a252d3a9bd1e3-06295f849760a2db66babe2e908d83fd423e9e91 _ stdiff conflicting
kong-5d23147f64dbd4108b439ed8107a252d3a9bd1e3-22b8f56530afc0cf65287bfe457a40241b695ed2 _ stdiff conflicting
kong-5d23147f64dbd4108b439ed8107a252d3a9bd1e3-2f033afb8296bd1bd2eeb7efc6d6cf3acf81222b _ stdiff conflicting
kong-5d23147f64dbd4108b439ed8107a252d3a9bd1e3-304d07071bb827e8c235d92407a7c631d2b2bc78 _ stdiff conflicting
kong-5d23147f64dbd4108b439ed8107a252d3a9bd1e3-6190f71ab657c833c08a1b9118e4d826ad004a79 _ stdiff unknown(251)
kong-5d23147f64dbd4108b439ed8107a252d3a9bd1e3-a726d86631f266839379bbf70712bfff9b6b9235 _ stdiff conflicting
kong-5d23147f64dbd4108b439ed8107a252d3a9bd1e3-a9aa5a2139ccb974906ae418444e4e614b3433a9 _ stdiff conflicting
kong-5d283c6c130119ee618e94b978ba8d93314ca7c6-47216365addbc87bf51cc309b60f97796f2d3d88 _ stdiff conflicting
kong-5d283c6c130119ee618e94b978ba8d93314ca7c6-4d5aa34a3704d1d72a3f6821b3a1dcbcebc22beb _ stdiff conflicting
kong-5d283c6c130119ee618e94b978ba8d93314ca7c6-5edba642ac1f1946d082bcf84ee5177a1bdb8e89 _ stdiff success
kong-5d283c6c130119ee618e94b978ba8d93314ca7c6-8a207a40a772cedbb0c3ddfe3ea3f668b40f17bb _ stdiff conflicting
kong-5d283c6c130119ee618e94b978ba8d93314ca7c6-a5009ac8bf072aa4a65acbdc4becfaccc7519bdf _ stdiff conflicting
kong-604bbdf2c4b9b3d5d6b6d111a8bb79670ea417fb-79cac27597f673c4ec8ee10f05a791375e2078c6 _ stdiff conflicting
kong-604bbdf2c4b9b3d5d6b6d111a8bb79670ea417fb-7cb1f4434ac93112608a3ed6b31df068dad17dff _ stdiff unknown(251)
kong-604bbdf2c4b9b3d5d6b6d111a8bb79670ea417fb-ba5e645c223804570c199416a2784f188e7fafb6 _ stdiff unknown(251)
kong-61444ecd9c9b5b366dca3f5e1df71927a4904c57-2e3b82202afe15a130ee88e842d677f7f4bdfc43 _ stdiff conflicting
kong-61444ecd9c9b5b366dca3f5e1df71927a4904c57-3c0385952ccc9ab4ee0b3e4c16eb1b2657edbe32 _ stdiff conflicting
kong-61444ecd9c9b5b366dca3f5e1df71927a4904c57-4b357e98375d403d5885ab3962d89ceb686bb407 _ stdiff success
kong-61444ecd9c9b5b366dca3f5e1df71927a4904c57-675ad0c5c769a2f55495f6257c4618d1859198bd _ stdiff conflicting
kong-61444ecd9c9b5b366dca3f5e1df71927a4904c57-6f79bb4c8878b38d1c1e04aff94e9f12f804895f _ stdiff conflicting
kong-61444ecd9c9b5b366dca3f5e1df71927a4904c57-920d647ac32d45afff14e325db4e0938ce5f0d79 _ stdiff success
kong-61444ecd9c9b5b366dca3f5e1df71927a4904c57-c79c5a054e02d0376e7aca7850fe3b9d6163a0c2 _ stdiff unknown(251)
kong-61c7676625b258617621bfef345913ef2a5db64e-ce9d63a95aebe6e38093057fc18e0e8cab5928b3 _ stdiff success
kong-6635c607920eb96c02a43a6c8f87ca700477d34d-534d655a1a4a63b9283222362be1f01ef27e0633 _ stdiff conflicting
kong-6635c607920eb96c02a43a6c8f87ca700477d34d-6141b2e719abde7ae002b950dfce7603e04d0204 _ stdiff unknown(251)
kong-6635c607920eb96c02a43a6c8f87ca700477d34d-7a883157f7e75acac65600e3c17a3690f23b6cd6 _ stdiff unknown(251)
kong-679d0f793247859e81e120f19229fbf8e8bf9bd7-09099e5d709a925ead6c7a40d85957090d18ed24 _ stdiff conflicting
kong-679d0f793247859e81e120f19229fbf8e8bf9bd7-62bc03f972ccee060ba1fabe38dfb9a356c9179b _ stdiff conflicting
kong-683ef14a2b6a908a27a180ac276f19568a978e15-2ef2cf09d62788449bba5f450dde910ec95c1b23 _ stdiff conflicting
kong-683ef14a2b6a908a27a180ac276f19568a978e15-4cb326fd95801bb251cc2e312a3e116af04090c9 _ stdiff conflicting
kong-683ef14a2b6a908a27a180ac276f19568a978e15-bed580518daebbbdd183027eabb56620a29f2e7e _ stdiff conflicting
kong-69d32c2c9af2e7516d1f4962d158aa4b61153692-c26c61d14c0e179f1ba2c8d8fd01837a186f1151 _ stdiff conflicting
kong-6a81baf5fc130ee3d9f39c5aee2f067344a9b4ad-09f2494a59b15465262437772e5a1f591fa06af5 _ stdiff conflicting
kong-6a81baf5fc130ee3d9f39c5aee2f067344a9b4ad-58101a40647128343955d2884acbbaf88d5e8874 _ stdiff unknown(251)
kong-6a81baf5fc130ee3d9f39c5aee2f067344a9b4ad-b42e18ced7d295597840f74365469cddae2a1965 _ stdiff conflicting
kong-70407b3c77148eb0b5a91ce9f93eaf1ab52371db-9c5057afb7c458d90a29a5442a941d5f58e7c4ea _ stdiff conflicting
kong-70d1b80c078a59084bda829c40bf64d448c9bc13-4c83dae40604a413ece3515f09843c951d214f12 _ stdiff conflicting
kong-70d1b80c078a59084bda829c40bf64d448c9bc13-85e1ae9d15e6ca3e0c8d1dfd96b7130ee0a4473b _ stdiff conflicting
kong-70d1b80c078a59084bda829c40bf64d448c9bc13-f81db0c86353d150da15b493533ae17cb961efa9 _ stdiff conflicting
kong-74515276e9fae22f1aca1b410c861f7ba5ca8f90-2b2ebfc19167248c7034aae927a4bf1dd8573751 _ stdiff conflicting
kong-74515276e9fae22f1aca1b410c861f7ba5ca8f90-51867805c76f3c13f2349eb6e5ca81ea3f5f3183 _ stdiff conflicting
kong-74515276e9fae22f1aca1b410c861f7ba5ca8f90-6bc94631f175853e436997f73276c8a5b4d97eaf _ stdiff unknown(251)
kong-74515276e9fae22f1aca1b410c861f7ba5ca8f90-793542296f9b7db46014b18195eb8c4877a238a8 _ stdiff conflicting
kong-74515276e9fae22f1aca1b410c861f7ba5ca8f90-80cba621183453f741940a95b2f3afbec0e12fb4 _ stdiff conflicting
kong-74515276e9fae22f1aca1b410c861f7ba5ca8f90-a1bcb34dee734e151d307ead201758634bfca035 _ stdiff conflicting
kong-74515276e9fae22f1aca1b410c861f7ba5ca8f90-ae57205ed82497b38aafd6f9d77dd8344ccb6374 _ stdiff conflicting
kong-74515276e9fae22f1aca1b410c861f7ba5ca8f90-b27a17f4dbf1c3c2686904809a6241f105bc832a _ stdiff unknown(251)
kong-74515276e9fae22f1aca1b410c861f7ba5ca8f90-d79ab0b3e093dae0b5b4922dbc25ba66e738e1a3 _ stdiff conflicting
kong-74515276e9fae22f1aca1b410c861f7ba5ca8f90-d915d2c25641515f5389e39bb2ebcba730d03bc9 _ stdiff conflicting
kong-751489917ddfa19924fe425dbb24a8e399c5b90e-450daa1786d2f5bf780b99e11f6b7b4ae0e361ff _ stdiff unknown(251)
kong-751489917ddfa19924fe425dbb24a8e399c5b90e-5214e4a1e87906aa92a27711cfd5d92c6cdebd5b _ stdiff conflicting
kong-751489917ddfa19924fe425dbb24a8e399c5b90e-5f00f80bec219b723db3b2634536a001fc165c85 _ stdiff conflicting
kong-751489917ddfa19924fe425dbb24a8e399c5b90e-7fb8f3a98954e94dfe90f120ccbe3ae68654b6b2 _ stdiff conflicting
kong-751489917ddfa19924fe425dbb24a8e399c5b90e-91e89df4d67d4f163347f37106e1158d8433abf8 _ stdiff timeout
kong-751489917ddfa19924fe425dbb24a8e399c5b90e-c56528b6af983262c431465f60c937fc10f17dc3 _ stdiff unknown(251)
kong-751489917ddfa19924fe425dbb24a8e399c5b90e-dc585790eb28648671fd3573f0decd9d40171c8e _ stdiff unknown(251)
kong-751489917ddfa19924fe425dbb24a8e399c5b90e-f23a5221889516dd962e5071eb71bf836b7e5340 _ stdiff conflicting
kong-7595850eeac653596d07cedf9c465be5729c9dc1-8a8ff6665a6028d620c51cd0cf91752700357092 _ stdiff parse-error
kong-7595850eeac653596d07cedf9c465be5729c9dc1-959ae6273141a25547617444b1977839d3d3155f _ stdiff success
kong-7695d292e9dbe764b1a4205473216969d5c338d4-4b2cc6a43fbe5612e95e6761e775f8f3cccbd1d1 _ stdiff timeout
kong-7b20023924190eef62932875d28cae7783ca7fd9-4df267674d4939dd8e6c058f53fa70f02815210f _ stdiff conflicting
kong-7b20023924190eef62932875d28cae7783ca7fd9-64154778047780916ad21263260999744adf2863 _ stdiff timeout
kong-7b20023924190eef62932875d28cae7783ca7fd9-7b27ac4a3caf5ad1fa9bafbfad18724d7705c53f _ stdiff unknown(251)
kong-7b20023924190eef62932875d28cae7783ca7fd9-d43858b512e5826970583b56e71065db022fc758 _ stdiff unknown(251)
kong-7b20023924190eef62932875d28cae7783ca7fd9-d90d2fab1abfc60aa2609c8232a7d5d98122fecc _ stdiff conflicting
kong-7b20023924190eef62932875d28cae7783ca7fd9-dfcdca32e9adfb2db15100ffe122c4c59345d68b _ stdiff unknown(251)
kong-7b20023924190eef62932875d28cae7783ca7fd9-fe368630c5346984e64d494a5ee1b60922608c6e _ stdiff unknown(251)
kong-82f52d6570b8e39dcd23ffbcd9ef109680c778af-a5b12164e90cb2b3579cbbe1bbc8ded5458fd37e _ stdiff conflicting
kong-82f52d6570b8e39dcd23ffbcd9ef109680c778af-bf8204d5ad401d5d18f47bcf1bd8b9c23eac9ca3 _ stdiff conflicting
kong-82f52d6570b8e39dcd23ffbcd9ef109680c778af-dff1af66046f76dbdedd8b499c63bd090dbb6cbd _ stdiff conflicting
kong-82f52d6570b8e39dcd23ffbcd9ef109680c778af-e605f013c55f6eda3cc88d24225bd836daaa29cd _ stdiff merge-diff
kong-86fdfa862787a11461893366b45875135470f92a-b8a9c5d3063042e847ebd476cbf8de176d7c901c _ stdiff conflicting
kong-86fdfa862787a11461893366b45875135470f92a-eeb26caecced85212d8dba7e81b3259196c1b65b _ stdiff conflicting
kong-87903c251a1b0d2779e0704d72f75c667de0747f-0aca03743801ba83e1711414a16adb7780116dfc _ stdiff conflicting
kong-87903c251a1b0d2779e0704d72f75c667de0747f-384002f5361591d35e160bfaff0df67e2c9660b0 _ stdiff success
kong-87903c251a1b0d2779e0704d72f75c667de0747f-b25a95adafff601844e0f4cc7bd6cbb8dd599033 _ stdiff conflicting
kong-87903c251a1b0d2779e0704d72f75c667de0747f-e1b43f3359018c30b651ff42f75f8e6e5096da99 _ stdiff success
kong-87903c251a1b0d2779e0704d72f75c667de0747f-f9b7259cf753fe6a0f42602dbaea0f55ec7baac3 _ stdiff conflicting
kong-887abdf2f2efa85fd2c6a44703ea13fd557feba1-4f6c81a8d10b7cfb9c8bf7c7b0e9cb18918a1f75 _ stdiff conflicting
kong-887abdf2f2efa85fd2c6a44703ea13fd557feba1-62d04243b0e75101095796aa12b423a3dbd1718c _ stdiff success
kong-887abdf2f2efa85fd2c6a44703ea13fd557feba1-7e4c85759817ebb0c1dbc36cba4b1999169f170d _ stdiff success
kong-8896f6b1199734137d89f4e5e93b339b2bfd4523-2cdcb5e390206ea8fde514f151f89d967df9bcb7 _ stdiff conflicting
kong-8896f6b1199734137d89f4e5e93b339b2bfd4523-61d161001f24baae795b829dc0d5a70496eb1196 _ stdiff conflicting
kong-8d299e0b506208407e1885436317f929b9953b66-324ef157b55e5ad5b611eeb1f024198ea354590b _ stdiff conflicting
kong-8d299e0b506208407e1885436317f929b9953b66-c78d425809c8d83ea14075ed529a09e08ee02e21 _ stdiff conflicting
kong-8d299e0b506208407e1885436317f929b9953b66-f53de3d36c4b477d92d0a5be63edaf0853bff144 _ stdiff conflicting
kong-90da58bcfdd3a1366739567b9ee33ba15752dfd0-1c0bb1167b9c9c38137f02ab7c5af2a0a4b11b12 _ stdiff conflicting
kong-90da58bcfdd3a1366739567b9ee33ba15752dfd0-caf6fbd540d503ef100c31bbd338221ed6b921cd _ stdiff conflicting
kong-90da58bcfdd3a1366739567b9ee33ba15752dfd0-ef676a73dc8d3e3f2600ab40f8243217cc56c671 _ stdiff conflicting
kong-91731d4cba1bc3035cab2eac8b7cffe5dd692fe4-28253fc24bee854a5016f638dfc99edf9e8d6b89 _ stdiff conflicting
kong-91731d4cba1bc3035cab2eac8b7cffe5dd692fe4-3eb988cfead7ef41d58e8603618e91ade206d428 _ stdiff conflicting
kong-91731d4cba1bc3035cab2eac8b7cffe5dd692fe4-43c4712bbe394b5d623221ff2f670a7e6b3ef3f5 _ stdiff conflicting
kong-91731d4cba1bc3035cab2eac8b7cffe5dd692fe4-60fb84e2ac954d8d04e692c6b3906b5842cd8207 _ stdiff conflicting
kong-91731d4cba1bc3035cab2eac8b7cffe5dd692fe4-61ec471684a86b6fd841de478b5f5f9e2b8dbc19 _ stdiff conflicting
kong-919d244bd667d76e65cdfc97ad2363adf3bca7c7-130867d5da07feff3c95775d5790e450489e459f _ stdiff conflicting
kong-919d244bd667d76e65cdfc97ad2363adf3bca7c7-6160a21dbeeca9dc63c087d786fbdbd35c5c6884 _ stdiff conflicting
kong-919d244bd667d76e65cdfc97ad2363adf3bca7c7-9a1d0da15ce7af22b0e8cba72fb075f1849827be _ stdiff conflicting
kong-919d244bd667d76e65cdfc97ad2363adf3bca7c7-da947b029f7edd409a744c88f07e94808f0db9f3 _ stdiff unknown(251)
kong-919d244bd667d76e65cdfc97ad2363adf3bca7c7-ff88a6ed31a35745da7ae31e3a8d3d31262818ac _ stdiff conflicting
kong-97ae45b69c507a331569e6c91d6a1b20b8215b53-06ef88d90a7268d123b0905b58ea57a9039f1593 _ stdiff conflicting
kong-97ae45b69c507a331569e6c91d6a1b20b8215b53-0ceec99c5808cb59efcf0826a757e8d2ff80dc5d _ stdiff conflicting
kong-97ae45b69c507a331569e6c91d6a1b20b8215b53-fa4dca5e21b6dbfd7d896dd60558564108bd550f _ stdiff conflicting
kong-97ae45b69c507a331569e6c91d6a1b20b8215b53-fcc414539aa3a404aead9a4e76a8a1240a711126 _ stdiff conflicting
kong-97ae45b69c507a331569e6c91d6a1b20b8215b53-ff730c345554e59aa69200f1981523536f56261e _ stdiff conflicting
kong-98e11b3346a3709be9a220c4932a671c6af32560-a1f52d2e121163c1337965f0ab1b4e7d8a0fa98a _ stdiff conflicting
kong-a0999976c2d791380fa6704a5ea03f8d7f87ec3f-6bc11bb443450bc7a3613d73fe37d845e6c54160 _ stdiff conflicting
kong-a10578a7871b7ddd48111180c7de6554f439f6df-0d89c688f25ff4a6f1f81ed9651d0ee8954944da _ stdiff conflicting
kong-a10578a7871b7ddd48111180c7de6554f439f6df-1b7afacb8d6028b971399b3f9aec3d5ba2848428 _ stdiff conflicting
kong-a10578a7871b7ddd48111180c7de6554f439f6df-48741a51ca274ca8ee5f5acf205dbf933f16735e _ stdiff conflicting
kong-a10578a7871b7ddd48111180c7de6554f439f6df-6ee00f7594b29e86c1cc060cbd61df59119dd621 _ stdiff conflicting
kong-a10578a7871b7ddd48111180c7de6554f439f6df-88013b27b4425b726ce0008d7db478a8f4516f47 _ stdiff conflicting
kong-a10578a7871b7ddd48111180c7de6554f439f6df-9729637ae81a5910bbf459aaff340b024bcd87ea _ stdiff conflicting
kong-a10578a7871b7ddd48111180c7de6554f439f6df-b852e038bf2831d76b959c2767536434c16ca766 _ stdiff conflicting
kong-a10578a7871b7ddd48111180c7de6554f439f6df-bc059f0a8405821705d84a005b331b5308eb16b1 _ stdiff conflicting
kong-a10578a7871b7ddd48111180c7de6554f439f6df-d1d54ac13a0b42dfca27185483c15b1561fac9f7 _ stdiff conflicting
kong-a20daf0a458472b6f82800e93619e6fb0f81de48-4ff64180bd38285a01bc2aa90c2477aeb71497e9 _ stdiff conflicting
kong-a5ede3d17cc1ebf7fec54f3859837a6bcbb3d980-298ef6fc6b4bd34ee616d32ebd894ca307ce0e31 _ stdiff conflicting
kong-aa11e657f1331d67ee1465d4b8ca71c202ea6487-a87918af9833e24ae35d2de726d2ee86271aa36c _ stdiff merge-diff
kong-aa11e657f1331d67ee1465d4b8ca71c202ea6487-c76a9ca4ac0dba6976c2c31af04872931f0dd8a2 _ stdiff conflicting
kong-abc622bb6ba23a974ab26073dae42a9bd332728a-00f9ed5a62129787f5da49846812d0df8325caec _ stdiff conflicting
kong-abc622bb6ba23a974ab26073dae42a9bd332728a-0557aa2101e15978b597f246207ed86f62788071 _ stdiff conflicting
kong-abc622bb6ba23a974ab26073dae42a9bd332728a-cbbc682e325b1738db967044a7b8b273114450cc _ stdiff conflicting
kong-ac9bb53ad9894992536c4c87c26af15c9cd29712-f3355526638a944f88c4c644a244d8f78203fc20 _ stdiff conflicting
kong-acd60589c71ecd64a5c808d29d01f7c651318aea-003b9e7fea64b9b20e9c21c9bb1ada1bf672c49d _ stdiff conflicting
kong-acd60589c71ecd64a5c808d29d01f7c651318aea-18218ab4e38ab9fa30e19be413383c214bd26bf3 _ stdiff success
kong-acd60589c71ecd64a5c808d29d01f7c651318aea-9832a9723e909acf07b436fa0ac4a51a46729d27 _ stdiff conflicting
kong-acd60589c71ecd64a5c808d29d01f7c651318aea-f408c805b4d9e2a951e82e39547bd7d0386197ae _ stdiff conflicting
kong-b3dc5054e134807a9b7c876799e60136bb49df93-1e230a8f6032ecd310b0180b335d47d3d6749809 _ stdiff conflicting
kong-b9a6568ca97fe753dd59591f23a99dbc4dc21363-6141b2e719abde7ae002b950dfce7603e04d0204 _ stdiff unknown(251)
kong-b9a6568ca97fe753dd59591f23a99dbc4dc21363-7a883157f7e75acac65600e3c17a3690f23b6cd6 _ stdiff unknown(251)
kong-bddf9fb9c8640fcd498cd276806974715050ccb4-36d153c52585651ef1e06bccccda0ef77a825219 _ stdiff conflicting
kong-c3780a26c11003331560c2152781ac4c3d1dcd64-0bbd9d777106eae972ad13c1c273863fd9123605 _ stdiff timeout
kong-c3780a26c11003331560c2152781ac4c3d1dcd64-b0d09cbeb8ad12019e7518c646b0a80bb4fae083 _ stdiff conflicting
kong-c3e5a3a5d22a102d065e8b2b6f28d68e517662d6-d4e59ebeb0491a3c9b7926afd3e341adc7286a3f _ stdiff conflicting
kong-c680b535d33611ac00eda54594c22116e8ebc94a-0ea907b509661104f9635fffb5ff1d723a1d70b7 _ stdiff conflicting
kong-c680b535d33611ac00eda54594c22116e8ebc94a-2e281fb7f024bad25ba9ef52342d59d60a18e605 _ stdiff conflicting
kong-c680b535d33611ac00eda54594c22116e8ebc94a-cfc9569420111081b15bb705c826516a93a591a5 _ stdiff conflicting
kong-c680b535d33611ac00eda54594c22116e8ebc94a-ded9f116b37b9deae01b0f69d26fff01e4c67482 _ stdiff conflicting
kong-c680b535d33611ac00eda54594c22116e8ebc94a-f0632ae9dbe30fc30ab8c9ba4645a80c9c3670df _ stdiff conflicting
kong-c894076e58c8aff1558313be379b8b406d8acfcb-b5bb1880470e6acb737114678bed91373f7dd42f _ stdiff conflicting
kong-cf20cad7e4a4052c56211d8db1ec98ce9492aa94-16b6d2de008ca8b466f052ada614b0cb1b75bce9 _ stdiff success
kong-cf20cad7e4a4052c56211d8db1ec98ce9492aa94-798f67f879d845712cdee7d795b16429311f17d6 _ stdiff conflicting
kong-cf20cad7e4a4052c56211d8db1ec98ce9492aa94-85f63687b3c06aa76bd42d6d4ac0dae3b7792604 _ stdiff success
kong-cf20cad7e4a4052c56211d8db1ec98ce9492aa94-a0c415cb4008481f0576896b3754cceccacfb20f _ stdiff conflicting
kong-cf20cad7e4a4052c56211d8db1ec98ce9492aa94-d91278ac8eb7c486e91a077c6f2196e449a8499c _ stdiff conflicting
kong-d787717ed0df6311720623523e17f6b30dcf3de1-70efcc82b19bde69ffd7407744272904fb98677f _ stdiff conflicting
kong-d883314aa84927146253e14ebd564b665221e7e2-2bf15895e082a79dc537f218b5d32990709b8805 _ stdiff conflicting
kong-d8dc433b87fcaef1d9e4c4e1b335af0abb90c336-6797e31855ae4683c9fe3d17dbc2776ad7bf1263 _ stdiff conflicting
kong-d8dc433b87fcaef1d9e4c4e1b335af0abb90c336-b75e2f0a86ec2b9e24d49337ec97ccff877b4021 _ stdiff conflicting
kong-d8dc433b87fcaef1d9e4c4e1b335af0abb90c336-fe8a3f8322d418b4418ce0570fa451217965c3ac _ stdiff conflicting
kong-dbc785580990dd775d01a968f042e1c1461fb5e4-0f6fe8575e105401edf21b0a0cd2edfd2db81964 _ stdiff conflicting
kong-dbc785580990dd775d01a968f042e1c1461fb5e4-909ab02a272801cf1ebdd46ac3ef0b24dfb526d2 _ stdiff conflicting
kong-dbc785580990dd775d01a968f042e1c1461fb5e4-ae1372a3f4194237e8978c74f6ee5f3a86966ca9 _ stdiff conflicting
kong-dbc785580990dd775d01a968f042e1c1461fb5e4-f17dbe8a006a89fd8045f1bd16b8bfc1a2356667 _ stdiff conflicting
kong-dcd3a4259a72e464a6a8800488922b411937842e-673f00ea74a6a4c2382573c77688e0652fc2a179 _ stdiff conflicting
kong-dcd3a4259a72e464a6a8800488922b411937842e-79f33b5dc2d9cdb24c3f0ac9b186e1cca275781b _ stdiff conflicting
kong-dcd3a4259a72e464a6a8800488922b411937842e-9f65ca059cc86f62bc3f8435c1918f33d583f532 _ stdiff conflicting
kong-dcd3a4259a72e464a6a8800488922b411937842e-ef26128ed8e84f282ea4052009e04860f8e0d33a _ stdiff conflicting
kong-e7c33f270242ae2b51fda1b1a1fc7e2afc941a3f-8a6abd644faa28cec3ae30c006024ee4792f9993 _ stdiff conflicting
kong-f268e35da3c0366af0f43e490ae75e27653b00b7-0ca172d4e652c127f9dfb0fff8c8e03dd78aeeea _ stdiff conflicting
kong-f268e35da3c0366af0f43e490ae75e27653b00b7-17bb47a204ae3cdada8469be2405e769fb152432 _ stdiff unknown(251)
kong-f268e35da3c0366af0f43e490ae75e27653b00b7-22a17ec1f17549a17ed2cf957d5fbe3c1e0658ca _ stdiff conflicting
kong-f268e35da3c0366af0f43e490ae75e27653b00b7-df7bda5da178ba1fa2184237d7bd6f9a6ed971e0 _ stdiff conflicting
kong-f268e35da3c0366af0f43e490ae75e27653b00b7-eb07cbb4576ac50f3e6791c021063ce051a6d043 _ stdiff unknown(251)
kong-f71279ebc8050c7263368a0bddc8f5d52fba4513-87d43e922f1bc0e8f518c5971bf7960223b8e9ed _ stdiff conflicting
kong-fac0f708a233f356a2e9ff92923e9099b8a1d6a5-ea30bf80e0e6a1a1dd43e1355cd17052bbea44c0 _ stdiff conflicting
kong-fcf74703e290a00aafff8bcb53c802a7ef1a1d69-93df414cec6c246c811e3b7f91a4be896d2a575c _ stdiff conflicting
kong-fcf74703e290a00aafff8bcb53c802a7ef1a1d69-bf8204d5ad401d5d18f47bcf1bd8b9c23eac9ca3 _ stdiff conflicting
koreader-016aaa92b92f4cfda156da3779e83ce7d3ce86a6-1827edbbda206b5ace0bfcbacc202d5fa2717392 _ stdiff conflicting
koreader-02dd9b023f2a87ab90e49022c4372a17f54c55f7-1d95598e3e772e293e345086b7456cf3aeffc79d _ stdiff conflicting
koreader-02dd9b023f2a87ab90e49022c4372a17f54c55f7-33ba5e9a9ce241a38f3bc3951b569827032b9bd4 _ stdiff conflicting
koreader-02dd9b023f2a87ab90e49022c4372a17f54c55f7-6e3fc666739417ab3f67c95dca54b47d25d9201f _ stdiff merge-diff
koreader-02dd9b023f2a87ab90e49022c4372a17f54c55f7-bf956be152a326ecefa57fe7f8b0aac31fbe5c32 _ stdiff parse-error
koreader-03b73712bcf4836733b75114106ecffa9d5351f4-3d625debfaed944c82d33c9c6bd93573b98bc40b _ stdiff conflicting
koreader-04942f9d9466a6476faa009aab24944a9853617a-30498b9bdfe9a1ac94bcaf610d544aae0ab21030 _ stdiff conflicting
koreader-0dd063b7cee1a18268b867ae2dc89999063b6e84-db5eed43c2ac06386858adf10a484e394ff0d542 _ stdiff parse-error
koreader-1f9efe0d9cdbf24f09140539f9772333f11c1d91-d1924c4812acfe7fa4acbc81ab64ecceb84e21d2 _ stdiff parse-error
koreader-417ef640a7104bfaf53e8c53ed9f6b8b4bcb5d09-ae5104c82b75b4b813bfd6f13199af1a4426a996 _ stdiff conflicting
koreader-46f171df3bebff442d56deb84583d9304cec9a41-b738197a257d3c57ff196923d6af2e7a1415ee4d _ stdiff parse-error
koreader-4a1a5233c0147157d622b94bbe82b2c356cf0bd6-cdc5983f6490dd827e1d2e2892341a2ead5fcdcc _ stdiff parse-error
koreader-748a443cd559e2b2dd06ee0188809b6d5f65aa0e-34eebc387648fee40816e15b870ccd26c5eb0878 _ stdiff success
koreader-748a443cd559e2b2dd06ee0188809b6d5f65aa0e-eeadb287fa34df59d837584853db3a84a513fc35 _ stdiff conflicting
koreader-79839021ed954609e981d3ca743ae4738f87d693-22250b3d6fe8b6b7892d5fd8733e06e76c85d5cc _ stdiff success
koreader-9e4b2675f05f22e4bb09137a089d2a2efddee3e5-b2cb982a100362e8ba1c337120413b5c94377ad9 _ stdiff parse-error
koreader-9ea56827dc01d9a51ec8c1f0ff82239fb0b44f57-28a86ee006cfc8760c54731ae9f324540c777ef4 _ stdiff conflicting
koreader-aa5806accda9ce6ed0f15cdc6dac9c554e577788-ef9a7ab583ea7193aa2e1dac1c32de3af5ef7672 _ stdiff parse-error
koreader-abf96962210fef814d54be46b923a979bfc086f7-c14f3e134406409a9eb2d0ec509c08c0172c4cc3 _ stdiff parse-error
koreader-abf96962210fef814d54be46b923a979bfc086f7-da64c633c7b43e21157990e72865803fe9641979 _ stdiff parse-error
koreader-ae6c4bd03a241c5e52b1356750ac6e6fecb8915e-2eed6226f74555c76661b19722ba5595d601c197 _ stdiff conflicting
koreader-c8dce5f351da63dce34e672c96c2f962c385ddd2-5c1bfa60b963aec16e3f4f64c97ec17f63407e89 _ stdiff conflicting
koreader-caefddb99cdae5909f69ce81f879b609c2cabbe8-698a0d2b57fcd39bc10ad0436eddc116d3129bb6 _ stdiff parse-error
koreader-d34ccb92e6e362fac9e38995fc35c1ab35dc7df3-cd0ad9885dfaf9b3f8ba4dcf83cf933189476355 _ stdiff parse-error
koreader-d37e81ad0c07b07b0438ae93e202833a02e5d4f6-bf956be152a326ecefa57fe7f8b0aac31fbe5c32 _ stdiff parse-error
koreader-eba1c2d5effc65ed5b850d70335e6b588615a711-0b910a205a792ecf6532a6305f3f35695aa85e15 _ stdiff parse-error
koreader-eba1c2d5effc65ed5b850d70335e6b588615a711-141af1b038ff30a55e3e786972e62799d9ee85d6 _ stdiff parse-error
koreader-eba1c2d5effc65ed5b850d70335e6b588615a711-c25ea7ec022f7cbecc29cadb1fea50f82d1a851c _ stdiff parse-error
koreader-eba1c2d5effc65ed5b850d70335e6b588615a711-d2ca88b5c4b56fc52b2603651fb4bc3e399cf543 _ stdiff conflicting
koreader-f4ea1cdb6299abd87f3d80966a81d7fa83174507-c81262b893f1d464d3a6643563e86aa54e32c9ae _ stdiff parse-error
luafun-d3628fd17ebc8cc24ceb62f35dd0971ac6cbd01b-be2bbd3ed990fd07b1c97b3e84531e4179bef818 _ stdiff unknown(251)
luakit-00c0ff6993140aee8698af12a0e95ef6b993a780-2f39187db416e243db35b9b319d2112b18381e35 _ stdiff parse-error
luakit-00c0ff6993140aee8698af12a0e95ef6b993a780-35bfff55d3ff35fca88474ed1750efbc6baa3e5c _ stdiff unknown(251)
luakit-00c0ff6993140aee8698af12a0e95ef6b993a780-718bae5d204849a8f450fc82e848272d05b6e1dd _ stdiff conflicting
luakit-00c0ff6993140aee8698af12a0e95ef6b993a780-c8eaa6fac538e651442816b993e4690a52849b7d _ stdiff unknown(251)
luakit-0f6bc7cf21b43a5a018892ef75ee7d24201f435d-d17b2b9caa3131d802c01236b5f2767f7a65dc9d _ stdiff parse-error
luakit-12f282fa92d140736d45f467cbb645df2c897760-c01fa15766647fe2847cc026a9eaf0e4ce56b059 _ stdiff parse-error
luakit-203aeaabf9aa584c16ce4347a147a511ff07e787-adafa9bd7b525c12a30ed686fe32e5e29515ebad _ stdiff parse-error
luakit-279510c62ca2d548255b130a094eab31ae4c4b9a-18b5eb586e49ad70c9e9477daf163c754537b645 _ stdiff conflicting
luakit-4499ec440b2380628f6f80310eb1393ba0b5a3d1-95b3a2f47d99c0db8016db0a1af4fcb0a9e0cedd _ stdiff conflicting
luakit-45c31c422f6db0cacd33b6aaba423deb7722082f-f6863d217c44bb487e5237353b524aecdaba76e1 _ stdiff conflicting
luakit-546bd1132439d467936e730e1c02c2e99805524b-394a2c061a24122873a43d6d82575bd6d73c00e6 _ stdiff unknown(251)
luakit-664f5e82526aa9fb9b4fcc6738501caf556447aa-26612aebfb4e246896d2bc0e75f44c76da5d0ee6 _ stdiff parse-error
luakit-664f5e82526aa9fb9b4fcc6738501caf556447aa-2c1618fcfe22c1ec9382224e27e71a42d7293498 _ stdiff parse-error
luakit-664f5e82526aa9fb9b4fcc6738501caf556447aa-e52dfb63413773a370dad3ba7bc474160cc416dc _ stdiff parse-error
luakit-6b3f633bdd71b8645aa620d37583a651524f7e2d-203a6f0ea03b14b21714d19a00f45e7a2e4892ef _ stdiff conflicting
luakit-76458f1c72184debad5969c3d822bf8317d76064-7d117d6c90c366b882cd322c2d1dcad994b5c98c _ stdiff conflicting
luakit-7d1ed929e073a3bab51968f423d25cf70da0bb82-4d4deee3d83f445215260bdb9ba3c6fb303a126a _ stdiff unknown(251)
luakit-838037f3afdf1e894ecf5151c485a142e4c4de42-7d068eba66ed5ab34cd6cdc1f27acd10452ac55a _ stdiff conflicting
luakit-924349346f95bbd9a757543884fdb83fd4867718-61fdd2838fca6da455dc1f77cf873882bd548900 _ stdiff conflicting
luakit-93f03e94d6c36ccc6643e0c9efc3809f3fc76f27-a8c74dc3792f6f31faed368fce0ecc48b100ec7d _ stdiff parse-error
luakit-95b2c309a7c35ddc9056c10e34484670cacd1426-abc83e8bae293235ebee17245704d6bcd32cacff _ stdiff conflicting
luakit-9deb63c58a0209f8214c2fc600f8fa38451a5b76-3fa85442c054e5882f566b69ec3392ba2d890e1d _ stdiff conflicting
luakit-9deb63c58a0209f8214c2fc600f8fa38451a5b76-45bdc6fa4b9e84e54672af3e15772142e4207c6c _ stdiff parse-error
luakit-9deb63c58a0209f8214c2fc600f8fa38451a5b76-941ac66db8f7a96aee9487bf2eab37245b313e25 _ stdiff conflicting
luakit-9deb63c58a0209f8214c2fc600f8fa38451a5b76-a8b6a9e5e44f3b19753304455406fb269733231d _ stdiff parse-error
luakit-af1231334faf72d735e6dfda5f0e72870205700c-66d4828c01b7aad06644a7fcc6193f9cb62fda01 _ stdiff success
luakit-b7cb727ba38dd2f081df3494c4767030c91324f0-394a2c061a24122873a43d6d82575bd6d73c00e6 _ stdiff timeout
luakit-b9f4623798b43451707c4c5133a5f7a12490f156-5d1793618670199b11aff42ce540f1abc5b67a01 _ stdiff parse-error
luakit-b9f4623798b43451707c4c5133a5f7a12490f156-c2409c945f30aecbc23fac04519c2449c7e66036 _ stdiff timeout
luakit-b9f4623798b43451707c4c5133a5f7a12490f156-fae86de0c2850ce77346e32f769bf05dc29c5f95 _ stdiff parse-error
luakit-c2e294bd9279d5aff3f3b3b74978782b2a723ed8-adafa9bd7b525c12a30ed686fe32e5e29515ebad _ stdiff parse-error
luakit-c633e82960f72377d1f3b5435c4d76da1df59822-5ca4128b56f8d15c1a2a5624eac2a55bef46bdf1 _ stdiff timeout
luakit-c633e82960f72377d1f3b5435c4d76da1df59822-df1fa5dc3156dd8822e58c6249f97fb7fd2060b7 _ stdiff conflicting
luakit-de2f32667765cf343860803746aa2fbd7deba597-7657a7f3bb51512eaba8e134c99525689bdf20fe _ stdiff unknown(251)
luakit-e5282f17aae78863aae966f77ef766b288f70087-8ab9cb349c4fb5e795166b6b69074b35ba12ddf8 _ stdiff unknown(251)
luakit-e5282f17aae78863aae966f77ef766b288f70087-988b38bcff7ed72aa24ce442e2bbd50484ea3d08 _ stdiff merge-diff
luakit-e6e093565161118ad6eb3a152b76c63c73d0b169-b8b4a25fbcbffe06469e024b02ed018db5e57697 _ stdiff conflicting
luakit-e6e093565161118ad6eb3a152b76c63c73d0b169-d3b00b6ad6db1091646b646d4528f8c7ad7f16c0 _ stdiff timeout
luakit-f3666da834f739470a531ae3e8c84d21454c8e6a-83af98431119231e824bbb6d1cac3b590c48670f _ stdiff conflicting
luakit-f3666da834f739470a531ae3e8c84d21454c8e6a-c2fe69946536289e2b4876e07affa0e31a06417a _ stdiff conflicting
luakit-f47d9437a9f3f3d333bd39fd91bc6bef720b6fa3-af8ad582dc64dda150bb5535558ad9ff07cb74e7 _ stdiff success
lua-resty-auto-ssl-29a58b7fcd38770a17d7a3d2bc3dc3425ed4cebe-cedeb52b3866c27162db46676889d48255f133ce _ stdiff conflicting
lua-resty-auto-ssl-a52d3223d7058c251081d165c0dacee0793a065f-0ab4a0eb65de915d8248cdd8db31e94e0fbd9672 _ stdiff conflicting
lua-resty-auto-ssl-a52d3223d7058c251081d165c0dacee0793a065f-c836640646acd7528d6e05ba40cff433ddeaca7c _ stdiff success
luarocks-075196e8b5d315888a8ae110fa9a18089044ae3b-13e548f9152287b165efbb0c3367024968187142 _ stdiff unknown(251)
luarocks-075196e8b5d315888a8ae110fa9a18089044ae3b-495c514eb1f8eb824bc0100a6dcfd95fc630a979 _ stdiff conflicting
luarocks-075196e8b5d315888a8ae110fa9a18089044ae3b-532bea8b29eed80694c5280974a0139c99f78d8e _ stdiff conflicting
luarocks-1bd5267ed3706571d61dc420c0575709091021fb-44e1aa63ef4cf611dbb60b004fa34dede5086531 _ stdiff conflicting
luarocks-1bd5267ed3706571d61dc420c0575709091021fb-88a1bb0aeeb0ae130f7db363e759e0545a0d22b9 _ stdiff conflicting
luarocks-25b934ef93bd2bf434c268db8e2a099bfa4e0a2e-daebfc7016fcaaa0c2c51f032e81867aaceb453b _ stdiff conflicting
luarocks-25b934ef93bd2bf434c268db8e2a099bfa4e0a2e-f2784a3ab1286b9d640bcd2c93c7764ba299afd6 _ stdiff conflicting
luarocks-27be765c4a846c0d4e970e154b29cbab1a833738-20d094b17af5326641607d07a793f5770fbe4492 _ stdiff conflicting
luarocks-27be765c4a846c0d4e970e154b29cbab1a833738-601eedcf318c5fea06c4d8479bd6b3f150bf25c4 _ stdiff conflicting
luarocks-27be765c4a846c0d4e970e154b29cbab1a833738-756ba6bd336ab0870b440e8954670ce13895a053 _ stdiff conflicting
luarocks-27be765c4a846c0d4e970e154b29cbab1a833738-c4c52bd2b2e8a4d83014e6115d0cd990f9b0ae56 _ stdiff conflicting
luarocks-2ced4474d635c11e687ad5b4b5357737503c0b38-1d0b0c320124cba6e41f8e6a01abcf0dcdf118f0 _ stdiff success
luarocks-2ced4474d635c11e687ad5b4b5357737503c0b38-a1cf2bb4e8a034976c504ac63b6486abcfc193d9 _ stdiff conflicting
luarocks-2ced4474d635c11e687ad5b4b5357737503c0b38-a8bbf2793a43383b5c50293af1ddb040ce20dbe8 _ stdiff conflicting
luarocks-42ffeb60e739c78b1b0254d24e15a617efb8101b-47aa71fc31b1b79891d97015dfd1466cdf074518 _ stdiff conflicting
luarocks-5137884ef5ec78d1922a85691eefea48d6391c76-15fb9ca284bf1b52547d9503847cd3f50781a8e3 _ stdiff conflicting
luarocks-5137884ef5ec78d1922a85691eefea48d6391c76-1b75452b65c063c57c4cc0a980771a2309a010ae _ stdiff conflicting
luarocks-5137884ef5ec78d1922a85691eefea48d6391c76-824a3731515e02f8a6602965cd311a9ea1525c6a _ stdiff conflicting
luarocks-5137884ef5ec78d1922a85691eefea48d6391c76-82c9818b80d4a826bc99b436840a071d301ba741 _ stdiff conflicting
luarocks-53788ea4054cc619d610bf19d948e1a16325b89c-eb01075c9dfb1c0e059d857cb35aa6ccce688b14 _ stdiff success
luarocks-5b8d37cdbdd93e0cbd4e78d564dd0018972b3a44-2d983a852f3ce98071ac6c9fff9cd8351b83414d _ stdiff conflicting
luarocks-5b8d37cdbdd93e0cbd4e78d564dd0018972b3a44-5c8928d4062b439379dc149afe2e91fdd4bb049d _ stdiff conflicting
luarocks-5b8d37cdbdd93e0cbd4e78d564dd0018972b3a44-c5f157c4f173ee58f02d9a784fbc5a3c35bcff0a _ stdiff merge-diff
luarocks-6606ae90f54bc142a2129f491b0aad8e7352b18d-86209d068dc6495e706c887fc522f8defadaece1 _ stdiff conflicting
luarocks-6606ae90f54bc142a2129f491b0aad8e7352b18d-d4d9694eceeb1eec9525975278b5e36822b90972 _ stdiff conflicting
luarocks-6ca144cee96ef45d6a203455b236e4077dd37a03-8321e9b9d21fb7e5009c27ee9583be1e01513c83 _ stdiff timeout
luarocks-7090601b6b7288f0194b58f9d0e168392c8e6690-0ff301b7acd51aeb91fdad456334082a4050a708 _ stdiff parse-error
luarocks-7090601b6b7288f0194b58f9d0e168392c8e6690-4944069441df048a79d100c8e094c77834bd2f0f _ stdiff conflicting
luarocks-7090601b6b7288f0194b58f9d0e168392c8e6690-df971fcac8982c46abfe6cf42b046e12df25975b _ stdiff conflicting
luarocks-8498916df098bfcf17947537427cc1fffdeea2a5-d727309573e657fca23ff7f9204eb4cec88ca486 _ stdiff conflicting
luarocks-8498916df098bfcf17947537427cc1fffdeea2a5-df2eee3fbfbee86c30a674c1102ef579414f452e _ stdiff success
luarocks-9fa380490931813a153b1cb079c2b3c21092bacf-812e6d188a0fdb57eac9d11a3ca28e5ca002ab32 _ stdiff conflicting
luarocks-a7c10e670c2f682962e28984a43916f40b302b2b-20d094b17af5326641607d07a793f5770fbe4492 _ stdiff conflicting
luarocks-a7c10e670c2f682962e28984a43916f40b302b2b-756ba6bd336ab0870b440e8954670ce13895a053 _ stdiff conflicting
luarocks-a7c10e670c2f682962e28984a43916f40b302b2b-c4c52bd2b2e8a4d83014e6115d0cd990f9b0ae56 _ stdiff conflicting
luarocks-a9baf450ed66e3cd112c5f93f78c4f277328790b-7db74c26466cc48d5aa529358011771100509ead _ stdiff conflicting
luarocks-accce73cf90bde70baa3d8101b76ca56b0cb0720-827634015c6c5b1c395d43beb65d5bccb3d51034 _ stdiff conflicting
luarocks-b4c57525f4b5b6a8fa1c4cf0ab15ac95e9031c4c-5b3efd9467d326330dcfc972625200dad2c42444 _ stdiff success
luarocks-c27d9ace24f4773da4e6d3680d60769aa1f33197-3b7f9c37885287f020e6107ba3d9f661aba325ba _ stdiff conflicting
luarocks-c2d4f3f467f5220ccb45f1f7da4e170af31c869c-e41b632ccb7930ba391653fc15cac5d91d5a25e8 _ stdiff timeout
luarocks-c5376c9bd5e9a0a87557494c9e737f80357fef82-48b4f23dc5f55b5d2ab67b4b012efd315722e311 _ stdiff success
luarocks-c5376c9bd5e9a0a87557494c9e737f80357fef82-87401a90d1e78b3d03f761a256dc17a5c9f6663f _ stdiff merge-diff
luarocks-c5376c9bd5e9a0a87557494c9e737f80357fef82-d72fabaf1bd48dcc04483c8c866964d4129a3bbe _ stdiff conflicting
luarocks-dca17835db0ed60f971acf33a0c78d203bc5e22f-bd7ba08613cddd59f9c7a33f72aa6a1fbe6698b6 _ stdiff conflicting
luarocks-dca17835db0ed60f971acf33a0c78d203bc5e22f-d381b8d9ec62502449e16781f38505c0dc9f11b9 _ stdiff conflicting
luarocks-f1473f71235bb89555dea7041b536144d32bac8c-871e97e9947bfe33cf7960c86ee8465611595889 _ stdiff conflicting
luvit-77eec86a0df7a43df9ea18bb766af31dfca4fbc3-cce02bb51e04acac2cf8319764cb82e4fa3297ea _ stdiff conflicting
luvit-9a1df4113c6c12937f9148386c93cddf4bbd0888-597198504cfc1606550f3dfe441fb98654b0063b _ stdiff conflicting
luvit-a2672a1e9378a6380e95eec94e9a1b533f378c0c-071dd09b6cabb9d052e4fc657a808916d54ef094 _ stdiff conflicting
luvit-ba660c459befaa4826a2c07fed36ec1e69055300-fbe4619c59e8d61758a366b99a21463f52be30f6 _ stdiff conflicting
moonscript-93a1bffe0c7065ccd381d1a4b8f276c65df0cf28-1ec4f11587dae758f0f60a464c040c04abea06cc _ stdiff unknown(251)
moonscript-ea391e14db919b2df4e768c8c2d47a4f3cdcd465-2488d6d967838eff8f37de131eaf4d98fba8f846 _ stdiff conflicting
nn-aa60b6e2be23beb899b3eca28c762793afea52a6-58a9bd7fc95cce3e5be89bec11943b40614b1508 _ stdiff unknown(251)
nn-c292da3372a8514ec8b679095dd1d3e428d539fe-18c3c8c70eafd6f14895917c93370a2fe2acadca _ stdiff conflicting
nn-c292da3372a8514ec8b679095dd1d3e428d539fe-4db53bcf96e0dc9bf741b742300c2521cd4885d8 _ stdiff conflicting
nn-e217fc040843fb77f885822d8ef1a45f84cfacae-d2c690ed07e2cd1d1d2ac9dcc0668eea8378cf90 _ stdiff conflicting
OpenNMT-02c6087185cb99856a69e6a19d05e0fef811c0db-c6e4d31b330947b194a85a2deff4d9b7fb32b008 _ stdiff conflicting
OpenNMT-1a480a90d97524c5dd63faf37bf42169790dd00e-7ef4653ee54f81c32e9d527f4a11615fcf457019 _ stdiff conflicting
OpenNMT-42f6cb8f6015ad0e357eeb6f810efdaca41a16c2-3f873b1cc9625cfae6c83c5ccd7d85dc78025cea _ stdiff conflicting
OpenNMT-586400b51311d3fa90dd5ae840c233caaec750d4-52d309cd93a7641bcdc38a9732b5f188e7df74a3 _ stdiff conflicting
OpenNMT-720e920de326617d8f3e026303702f3950cdba69-74d777557e2726b8ccc7839c783888431b6b09e1 _ stdiff conflicting
OpenNMT-720e920de326617d8f3e026303702f3950cdba69-cefa245a58f8ea073e55e5f4c5be035f7e3d514c _ stdiff conflicting
OpenNMT-83c1b57020a2a8844c8d5771bf872ecd2abb20ac-a2b1a94f757fe360827e8a5f066b18dee1531cc1 _ stdiff conflicting
OpenNMT-8c22af10b5333071ab522811e7a48296af9ec22e-1010d065d1066e954d5eca0454e9a25136da530e _ stdiff conflicting
OpenNMT-c32368e951cd5fdd078d932843015b3a6a6b9121-69278a161349147385c0815fc22e61c1f7378afa _ stdiff conflicting
OpenNMT-c3a520753e396082e6f4b505dc27c002490807bd-71c368293f1a2e27523f35dbcd18aa3693c05608 _ stdiff conflicting
OpenNMT-eaec026c9c84c7143ce268e59477f5dc3670ef54-31e6e910a187a70f8667ff8f3b03f83602d1f402 _ stdiff conflicting
OpenNMT-f264a9cdabfa43bce3a37dbadbc8021177a772b9-4c3494233734e5a801de3827ff015a8d6327b724 _ stdiff success
OpenNMT-f264a9cdabfa43bce3a37dbadbc8021177a772b9-d2ebf1a14f35afbe5fc2d2b246a7288b10cb0e13 _ stdiff success
OpenNMT-f8c206cf67519158c5dafdec06d636af54d44002-9e67f1c76aa13aa2e1b021c29e68525c7466cb94 _ stdiff success
Penlight-4a0a7e9c254e5c279da4166b6c2a4d518c727c86-33656160e498538352c1aee8d76a9af38fb7dfd1 _ stdiff conflicting
Penlight-b9b7d85fcfe74eb3eae03df30fbe6e9be4db3967-937d1f24b39e2d002d3f9697fcc4f2c8dca7bef3 _ stdiff conflicting
Penlight-d6e73213c5c00e4abc85cc398819157e4c3c1aac-b25eff77d93bf5ec97ddac5bb91066134f1cef54 _ stdiff conflicting
Penlight-e0a005f96d492310dc2b13adb27ee0776215e944-08d325d0b33508166e861ae94c02b72b9e75f963 _ stdiff merge-diff
Penlight-e0a005f96d492310dc2b13adb27ee0776215e944-66848212efa3f93565886b473c72db0c54a4ec8c _ stdiff merge-diff
Penlight-e0a005f96d492310dc2b13adb27ee0776215e944-b8ee7bb1dd574a805d77e4b80196e6aa118eae22 _ stdiff merge-diff
redis-lua-e20d7cc43cbaa0e926a8eb84e3fe74cceb7829b8-44ebb785a146338aacdbaefddfac30e79151eff8 _ stdiff conflicting
rnn-3476ee8cf9028dc33cd1f798e8dfc4a0021e7482-3b71ddae40b1b09fae05eb7c1fc6bc9e86d0c285 _ stdiff unknown(251)
rnn-3a555dff3e69728f9b8bfbd02dc2e85246f9166d-8d05cdac7c6e595877885f5904a453f31eb33160 _ stdiff conflicting
rnn-4731643f67ad6a8885b29405a304ccbf51949d86-c53d338725c5fa46b50977d64d7c9cd3b31d7ac9 _ stdiff conflicting
rnn-7a5534048659c479a3c886f0e6cf56bb262e0b8f-22a1b6957a524cc5cc898344cb07bdb4a36e3897 _ stdiff success
rnn-801c6ffd3f976ce7ac3f4aa832a558ca69021074-5681dd782845cedfce946ffcce225c5d3c9dbe90 _ stdiff conflicting
rnn-8e1015ea321d20556bda6192c9f77adeccbe3e55-2a01809a1a37da2f4872083b18f9515cacbb23af _ stdiff success
rnn-abe206daca8c4c3a4d60bd65aec3ccb9ad4d0f55-7112b3a9caa1c5020f7a9889d607804c98f96a64 _ stdiff conflicting
rnn-c88c21a004c00a6bcc57a4886f47f782cf13e6a9-54286ddc167b0435a527d398667796b806beb7d7 _ stdiff unknown(251)
sailor-13dca3f904b1d7d56f4687de2dcf3c4846d53b37-78936ce4282ea9ca4b3dac00c8fc2441c6a6df86 _ stdiff conflicting
sailor-af0af85589290ee6863faf9c4b578e39964e6279-abd9f7e95039853ab7f687468c47385295f1699e _ stdiff conflicting
snabb-004ac1344555737d8fa3d348166a62441b9d14a4-288580ffbd89e3eec227816d75df8a8e93dfff61 _ stdiff parse-error
snabb-035d9392229aaa898d1662e7e6e31645afd21595-9ee22a013df948331632078711be205a5494d346 _ stdiff parse-error
snabb-03daccbce6be59b8821b8699cf35df5a6b61d23a-7b1e596b2d08594420368a1eb4b31e7b8bf75706 _ stdiff unknown(251)
snabb-03daccbce6be59b8821b8699cf35df5a6b61d23a-e2a532afd0e01cae557fff58576548b8761e8133 _ stdiff parse-error
snabb-03daccbce6be59b8821b8699cf35df5a6b61d23a-ebeb2babcff2c8930453c232a47579a0255d1c18 _ stdiff unknown(251)
snabb-087095750fa3d1bfa1e2800c35e99a50cf564b86-23ba7b4c6afeb328691ae2b2a2dfe188a9d523c9 _ stdiff merge-diff
snabb-0f4fd10b5b4e73eb26fe98886117234e996ee6b4-8434e46dcdbb865cadbd8a1d8a5bec8a237de155 _ stdiff unknown(251)
snabb-0f53ecd3512058fe2098ef4621bca54e9ce5e4db-23f3d896d50c1c7ca24333e8aaf8c5c11d64946e _ stdiff parse-error
snabb-0f7cc58325cc96e39fcc6628b6cfcb1e3c0a3331-03534b8cd463a5f89c8f6dee4c32da0d9d3562cd _ stdiff conflicting
snabb-0f7cc58325cc96e39fcc6628b6cfcb1e3c0a3331-8da0d0e6b463b061bd3ec6eadece7d603fc57982 _ stdiff unknown(251)
snabb-1146b277510e5070f96b424f2f3c58796aae8ae0-3430384bcaa8b1413557ae8d063f706603f7f251 _ stdiff unknown(251)
snabb-133f855b0fb5d914f6131cae1b21329060970c3d-caf41956c7a63ea8f85dac6bf30536cf52db439b _ stdiff conflicting
snabb-1350350fb304e8c9710ad3f9bdd5a392ac5983c5-50f05d991afb9ab109648622a309b0c7b7c281a3 _ stdiff timeout
snabb-1350350fb304e8c9710ad3f9bdd5a392ac5983c5-bc7cdc6c9d901dc32f7a41586c136c76c387f636 _ stdiff conflicting
snabb-14e0f5ad8baf627f23fb15856710b206c7e3fa7f-13b79db08448094e39a192bc8ac643c800805f3b _ stdiff unknown(251)
snabb-14e0f5ad8baf627f23fb15856710b206c7e3fa7f-6a77f9280ba36be5f530b600c093297556c6b1bb _ stdiff unknown(251)
snabb-14e0f5ad8baf627f23fb15856710b206c7e3fa7f-9192cb980cfce1f500d366bd2a268aaaf7e988df _ stdiff conflicting
snabb-14e0f5ad8baf627f23fb15856710b206c7e3fa7f-b9e0eb5b03f3ab30e72e594cb13530efb2e62c99 _ stdiff conflicting
snabb-16dc7fb7bbaff107e785a1b62a42a2a9844a5c0e-0f5407a17befe9d76301b368d77150c1c74dc1f2 _ stdiff conflicting
snabb-16dc7fb7bbaff107e785a1b62a42a2a9844a5c0e-6c6abb66b9d2374dfc6fe464a2e406eaea82844a _ stdiff unknown(251)
snabb-16dc7fb7bbaff107e785a1b62a42a2a9844a5c0e-a4cd5f202acda9019353667082e4188b1a70f123 _ stdiff conflicting
snabb-16dc7fb7bbaff107e785a1b62a42a2a9844a5c0e-d548b1a7f8fef629414fe1a8fff8cdfcc35ee306 _ stdiff unknown(251)
snabb-17f65a06fbd6b39ca6bc7abe36b8e38c1e3b56f2-23ba7b4c6afeb328691ae2b2a2dfe188a9d523c9 _ stdiff merge-diff
snabb-1d1693d73f9ce5c37b8506cb2c482a485b279926-5572ef3762fab6bdcecca35936622a6ef53b8629 _ stdiff conflicting
snabb-1fa97bef1fb93a42ba7452eeb23dd37bc2bd1d91-25bd604259f5e3515df7b266488518224878f9f6 _ stdiff unknown(251)
snabb-1fa97bef1fb93a42ba7452eeb23dd37bc2bd1d91-5c00ebe3178a737cc55bd430da25c288c4ef1889 _ stdiff conflicting
snabb-1fa97bef1fb93a42ba7452eeb23dd37bc2bd1d91-70a59280e1cb3ec24ec08ef489137b10b717333f _ stdiff unknown(251)
snabb-1fa97bef1fb93a42ba7452eeb23dd37bc2bd1d91-f4a9b054d72cd6e1d229ad79c462a31c1460385e _ stdiff conflicting
snabb-22f8b858f034a35ffefc4cfd842ab16c16b39198-2c101c5b45273e57bf1ec11201f3b156d2d6ea67 _ stdiff conflicting
snabb-295e5d4062b9102c3f1241c8178b939d05016aea-c80cde69fbf56345db7464243b0bc91f138757a7 _ stdiff parse-error
snabb-30fcbcb71734cf173a9ab7ec38d6eecf2a7ccf5a-51e2d640fa907cd2a77bf90cb648332979a6da0d _ stdiff parse-error
snabb-30fcbcb71734cf173a9ab7ec38d6eecf2a7ccf5a-cf492a593f87a45d573eb59b26818839ae46a1c4 _ stdiff conflicting
snabb-31d824355c683be7e75332c870ec62db850b4cfc-a36f23c2dbf0af5f7eb7e6aa44d01153d61e7589 _ stdiff success
snabb-31d824355c683be7e75332c870ec62db850b4cfc-f18a1b2097d1ffd0b4edd75fd59a5850f609b8a6 _ stdiff conflicting
snabb-32f74eec9c21ebc68357a4d7179b3d6aea1c2ba7-c8a967fd4753538ed1105933ca88f166da469fa3 _ stdiff success
snabb-337b17c770872edf67d43859aea2c7362f54761f-5572ef3762fab6bdcecca35936622a6ef53b8629 _ stdiff conflicting
snabb-33b3401383b0eff4b50af1bc9f0d79687328004d-59f072ed92ddfceae7603b8fbbde0d9db5512306 _ stdiff unknown(251)
snabb-35d7c164f5b8e2da70075300035185690d2df333-ce0e7e327d4853fc5243039d9c83d72ccf42c542 _ stdiff conflicting
snabb-376080f1fcc9a2fb4e50918cb4b7e67acde221a3-c9a7670135a0d967b7360e5a09cabb13c102de22 _ stdiff parse-error
snabb-37b377dedf000cb78730feff1035d439d04ce09e-ec5f82761da2644599e02b5d7d050705f44fc84e _ stdiff unknown(251)
snabb-39dad11b393b775c4602a3503f5522785d871734-0aba639f8e8a73de90e7422b7fb3c445f1dfd775 _ stdiff conflicting
snabb-39dad11b393b775c4602a3503f5522785d871734-1f8fc579a86fb4d05c8186c99ea3ad42c4268064 _ stdiff conflicting
snabb-39dad11b393b775c4602a3503f5522785d871734-7a9563849cbb10c4a5c423f20594fdb1a58903b7 _ stdiff unknown(251)
snabb-39dad11b393b775c4602a3503f5522785d871734-7def8ef9cfec804acaa604acf069010f1b483786 _ stdiff conflicting
snabb-39dad11b393b775c4602a3503f5522785d871734-c2c5f29535117ea58c6c5fc19f85fb65a3dbe60e _ stdiff success
snabb-3bb7c9e9116a0c959f7ce6c927f6181912e6b0e7-f2f24d4b266b77e04a565191c7ad9d6475659218 _ stdiff timeout
snabb-3f186e9f398acfbedcaf5100fa3042eb5d31ef7a-15b2f3f440660a7341e66ac8c777ca2644456d2e _ stdiff conflicting
snabb-48edb56afd1ae5ba6f1606e7c4caf745f087d584-f595f9667c118f56437e7786a2e166ce4d415dbe _ stdiff conflicting
snabb-50e7852828e6f50c15a387c135c241cb7cb2e154-52d0bbd6a9b11e0b67216940710de13eddc2155a _ stdiff conflicting
snabb-54cdc4dbc7f965a83ce80bef8abb937a6654d9e5-03534b8cd463a5f89c8f6dee4c32da0d9d3562cd _ stdiff conflicting
snabb-54cdc4dbc7f965a83ce80bef8abb937a6654d9e5-8da0d0e6b463b061bd3ec6eadece7d603fc57982 _ stdiff unknown(251)
snabb-54d87959beb8a60731cea7e2605705bb91d857d6-66bd0bf220d5a69c2ea21b997a875f252862b056 _ stdiff conflicting
snabb-554f5a2faceb47cb2cbc7f61ac711d4e245caeb0-c33d815735ede6ebf6ea562187e20c3706037d85 _ stdiff parse-error
snabb-554f5a2faceb47cb2cbc7f61ac711d4e245caeb0-e48659c56142e4dfe312114ff30adba3c551c250 _ stdiff unknown(251)
snabb-5ae537973705811a0aa8a1e4e3b40899f750ef18-d0e21ee7ea043f2b91e7a517d4e7458d5da1d0d4 _ stdiff conflicting
snabb-5e51a6ac984d681a7778f1b2b7c5e55fac39305b-0f280f668d08ca75a71c298137198f65637ebf02 _ stdiff conflicting
snabb-5e51a6ac984d681a7778f1b2b7c5e55fac39305b-12d80686abc2eea152cc4a6c94a69f6c8eddaf6a _ stdiff conflicting
snabb-5e51a6ac984d681a7778f1b2b7c5e55fac39305b-87b4291e5a0daf611de0884aca13a233c7081d1c _ stdiff success
snabb-5f1e3a373f6d0f3f5311f343045a9871f1668bde-9c644eea8cb7e0a98b0b7b3b63a50ebc9c89049e _ stdiff parse-error
snabb-6dab83e5611e6f244e13c870e8839dd0e4e404bb-48dd37d95cd8ea337692e5d9e901cd01aca5409a _ stdiff parse-error
snabb-6dab83e5611e6f244e13c870e8839dd0e4e404bb-deddf1f9d5fef773411302446a1af8953f2aadbb _ stdiff parse-error
snabb-6dab83e5611e6f244e13c870e8839dd0e4e404bb-e26d4f2f0989d5b8e2cb44e9c88d0e3e373d6d13 _ stdiff parse-error
snabb-6e8378430ab4bd924c11d2b6e2bd2a73b25d04f9-7a3fcba95d371b00eaa5e3853ff41d5e60354c16 _ stdiff conflicting
snabb-6fafe074757f8a7f96d5a11150bcfadd143e2eb8-be5caa4a780fd5eed57647df74645f267b59bcdc _ stdiff conflicting
snabb-720e3cfa2ab8ab6a101f4532d6a51f8863a89e51-66b43638b83a6550ec163791611347959049cf64 _ stdiff success
snabb-72da719d94fd4ffabac4dd261c929e7c4d3b4aa4-4109e5bfa9df18fafdd7f3c92e3a213036e49a4d _ stdiff conflicting
snabb-7323d374f60395d1970460165e777ee3805abbc3-e1a105dd0f1e156b19ed60734ea80d18394c998a _ stdiff timeout
snabb-736c2776f9766b4ccf7c4ef6236b78c52db60d7a-e5b38ad30612432fefcce62e9e1dd6a94a203cc1 _ stdiff conflicting
snabb-7614744b3029f334a7c4b56c7f41c7176c0da147-b167b59570bc3c5cb80b4eda499c61cc7def8c65 _ stdiff unknown(251)
snabb-7871b1b54637bd35d07159329433eed344b2c5ca-6ae665a9f0d1b5d9e5a033a92afbaa7ec0479f00 _ stdiff conflicting
snabb-7ca8ead63615fc7dbecb6bf3c4a0639b5296a470-a8daa79ce855acef44edddca54730104aebd19ef _ stdiff parse-error
snabb-820daaf18c7d5016848cebe13b60558cfddbe3b1-e48659c56142e4dfe312114ff30adba3c551c250 _ stdiff timeout
snabb-8285a8dc0b61d4d4cbcccdfbbf9db08e6587204d-66b43638b83a6550ec163791611347959049cf64 _ stdiff merge-diff
snabb-86c97e0ce6f755201c7628c8f795ef71bc3e5afa-453d533efaf0cc56121143c1ffd291628625547e _ stdiff success
snabb-87b58127ee4c744e9e0252d51c011a7157d00cee-fdf97bef4328c47a3efab710556fb47f4d1cae54 _ stdiff unknown(251)
snabb-89a1f26bca1e0e6e6ef0d6b2d8659fbbcefa0373-6e37a90964ccd156fe76b182a00a5cf19f74e3c5 _ stdiff parse-error
snabb-89f66f212f1d0e286567c900081588e3fe2cbc08-32e80df87b36c1631703304de5b4a888d3b1b884 _ stdiff conflicting
snabb-8c9a29960ca4e6dab664618228778ca45f33a11d-2cf1dd710ddad2a2c90004ec87b61709adfc5e8d _ stdiff parse-error
snabb-8dd093ba2f4e5ee6328baa5b851618b14f2efde9-5f858492bc4ba1b32a5ad73678647a821782941c _ stdiff parse-error
snabb-8dd093ba2f4e5ee6328baa5b851618b14f2efde9-6bc38066fe3bc251a47112e5526608e630d4c22f _ stdiff parse-error
snabb-91ffca3481d3cf132dafc269457e5862f666808a-3d86fd9146503e9657092573e78f16227d3e52db _ stdiff parse-error
snabb-91ffca3481d3cf132dafc269457e5862f666808a-ff0cf1be2bafb869b685468f941baad6d20b37e0 _ stdiff conflicting
snabb-94fccf9fb43bc46d53f938470a1535b0bd9601ad-193cf01f939df93a211dd4f5e7496c3f49c899af _ stdiff parse-error
snabb-94fccf9fb43bc46d53f938470a1535b0bd9601ad-52a90c79cd2b5e1b61c5fd2c0b6c94a5033ad144 _ stdiff parse-error
snabb-976323ccd0861ed8b94e452cb42def2d6562b91b-ca4e3f46c38767b01b0234e3acfb1e200f22ea7e _ stdiff parse-error
snabb-9806a4de822688ab021c32e84d0b1568a9c90e80-a35f654532878456c9723c5ab8785e51ea223fb5 _ stdiff success
snabb-997389801636c110c1410a888beb2b7cd6ef8d8e-a7d6f23d520c2639ac3809a78accc8754d0e7721 _ stdiff conflicting
snabb-997389801636c110c1410a888beb2b7cd6ef8d8e-ab654449e10f4dd65dc913d9a9d1d7a4956ab24b _ stdiff parse-error
snabb-9f1319f764eee75b5dc2277eae0623752b1e577e-1baf89676d42d0b885ec6226495e4d3d8443ee24 _ stdiff conflicting
snabb-9f1319f764eee75b5dc2277eae0623752b1e577e-26acee92924e74619e86440ef19ec16c531dbcfa _ stdiff parse-error
snabb-9f1319f764eee75b5dc2277eae0623752b1e577e-7b55d62d092d54125099716d130a72269e7c29f8 _ stdiff conflicting
snabb-9f1319f764eee75b5dc2277eae0623752b1e577e-8d27d9b08cd445806f2418e1f8c45e081df23691 _ stdiff parse-error
snabb-9fd4881aa66378cdd5a233fbbea7e5f64ec90651-4986149b80bddf3dfa43b69c11b0820f4ea1401a _ stdiff unknown(251)
snabb-a564a47a78f88e3da8a69ff9c5ed62e9eaf4e53e-8bae69769b805d5d9d4ea3b393840b6a8ea1b675 _ stdiff timeout
snabb-a5a537309bb2f9d2e53e83d8cc88633f6b57e232-336d1c9cd27119b9d638095220bda765d10207e3 _ stdiff conflicting
snabb-a5a537309bb2f9d2e53e83d8cc88633f6b57e232-afedfd91afa902180f9f4f30315c008983cb49e9 _ stdiff conflicting
snabb-a909bf08ec7f06f0d1bdc8964d5be73baf194098-a35f654532878456c9723c5ab8785e51ea223fb5 _ stdiff success
snabb-a9b5a907372b93628f9eb2c87f64d66aaa07be03-7727ac9d9ed3b3f4e5cb06ae9540982026c65ec0 _ stdiff conflicting
snabb-a9b5a907372b93628f9eb2c87f64d66aaa07be03-b322d84e2e4ebc2b6ea12336f3596a3ef741ec15 _ stdiff conflicting
snabb-aac0c8c718abc38b7ee9a184dd6f2da7984cfdd8-35a53056313829f254c4f579ef14141376dbd231 _ stdiff conflicting
snabb-abf8e2ab1b2b55a4bbedd39c90f5e4a66f8df3bf-d0e21ee7ea043f2b91e7a517d4e7458d5da1d0d4 _ stdiff conflicting
snabb-abf8e2ab1b2b55a4bbedd39c90f5e4a66f8df3bf-e69de29bb2d1d6434b8b29ae775ad8c2e48c5391 _ stdiff conflicting
snabb-aca806456f88e08aa9baad53238c006f1cb9e3ef-a479df40402ec3103ec27b4d098df524866c5bb0 _ stdiff conflicting
snabb-b13f6150c10ca869008720e8f9a5630ac9b3ee20-c9a7670135a0d967b7360e5a09cabb13c102de22 _ stdiff parse-error
snabb-b14bc56108f016e37f86ff79b5cce4284dac963a-0473d9e5f2968aab8300f476d368f20f7f0eaec0 _ stdiff conflicting
snabb-b14bc56108f016e37f86ff79b5cce4284dac963a-a41434000c35ac43694fe617ddace590509184b0 _ stdiff unknown(251)
snabb-b3abaa0c6686edfd8a72f362770074ecfe99aab6-fe2711769e95c81a2e0780bab913d9b87989c2cf _ stdiff merge-diff
snabb-b4433afedc294b54aa6445b94b300aa0e15306dd-35d52044bd36cba579760d52b70d6a8b2e575a0b _ stdiff unknown(251)
snabb-b58f2581d9afee10ed2046ef359f07affacd10c6-8b6cb78ee23f4c72c683f52ec69e80d96a112462 _ stdiff conflicting
snabb-ba67678ca6ef8b950941dd66e416042cb35b6a3c-4eee56312758e711f6c73beeb05ba576e6dcab18 _ stdiff parse-error
snabb-ba67678ca6ef8b950941dd66e416042cb35b6a3c-de8709c89ad3c974bbd7a54e3ca6ebc0836559a0 _ stdiff conflicting
snabb-bd41b1d2e8c2217f55459ad8ad2a49f9e7f0418b-157c34bc6431fbb643b05e838acb1a06094cd452 _ stdiff parse-error
snabb-bd41b1d2e8c2217f55459ad8ad2a49f9e7f0418b-15d55243a85ecb3776b8ea469b94b65e6ce1f893 _ stdiff parse-error
snabb-bd41b1d2e8c2217f55459ad8ad2a49f9e7f0418b-320039ff3532c810538f94d1853fc7a30533d0bf _ stdiff parse-error
snabb-bd41b1d2e8c2217f55459ad8ad2a49f9e7f0418b-38fc61f931d1fd6a14018eae067615c574c87e2e _ stdiff parse-error
snabb-bd41b1d2e8c2217f55459ad8ad2a49f9e7f0418b-69f0f169147f0894697e899f56a7d7601a111e8a _ stdiff parse-error
snabb-bd41b1d2e8c2217f55459ad8ad2a49f9e7f0418b-97d4ccdf87c13586a97dde8ebdd306a9860c901c _ stdiff parse-error
snabb-bd41b1d2e8c2217f55459ad8ad2a49f9e7f0418b-a7c05ed6d522b3ded326c9f31d74b72f28b3eb28 _ stdiff parse-error
snabb-bd41b1d2e8c2217f55459ad8ad2a49f9e7f0418b-b1cdcfe294b96e950da6b613d2f0f0f7eb9b1f7a _ stdiff parse-error
snabb-bd62dfa5851a609a435f8cba8a5f7c51cff0ac08-3fd5d87b3d2e8f2ba2b83483cd9e68108f365594 _ stdiff parse-error
snabb-c4bba02f500e33ea3d6cfdb98a669e53e4463ff7-22188970312697a6cca777bd34248c877806ce47 _ stdiff conflicting
snabb-c72fe1d7e861485cc12cc74d78cbf9ec6d4d42db-e8409acf39b0f3fd6c05df9ccd79e2d3132a505a _ stdiff success
snabb-ccb80a29cff008968e480ebcba99333fc89805ad-045b52de2659a312a6d9dc8b2fe1828f9cce8297 _ stdiff unknown(251)
snabb-cd0faa64c7aa3191889ea79110845559f7dd52e2-61277b1127049d01669a34cfe75b7cd1c491fa89 _ stdiff parse-error
snabb-cd0faa64c7aa3191889ea79110845559f7dd52e2-e1f437480d613c2745a6a92235d2bbfc460aba20 _ stdiff conflicting
snabb-cf8a711f882fbcce66957ff6bbcab95524b7df03-9e89745c1643be5d07e3c41116321aa40180d89d _ stdiff timeout
snabb-cf8a711f882fbcce66957ff6bbcab95524b7df03-e26de590f72c827f42382c8902c09826deaeca3e _ stdiff unknown(251)
snabb-d1189ee73f8047a3b936879c8ecfb8d96b822a07-8da0d0e6b463b061bd3ec6eadece7d603fc57982 _ stdiff unknown(251)
snabb-d304c04b9d13793e3708b6e86d0aef3de60c373d-7c3158c6bf5b5670d1f39629c1d3ece973219b4b _ stdiff conflicting
snabb-d4ba4b936185f4c9635b53aea26fcaf913433f43-4ff6d322123d9f9648618f9770b82864c5897e84 _ stdiff conflicting
snabb-d4ba4b936185f4c9635b53aea26fcaf913433f43-5457114a54e5c1aeb4a817b6d7a6673ffa9bc388 _ stdiff conflicting
snabb-d4cd4d8f515f7e87df40c13ebcae14c15f3acce2-bc9d8c56aa18696dd70a7f752600ec1eccfd293f _ stdiff unknown(251)
snabb-d5f21cb19c93ec529ca69bbdf785bd6ea53174cd-98c1cd934714eaec5cf0f65a087229a6f2cd93a8 _ stdiff conflicting
snabb-d7bd8a921332e97f943bc770a3ce0dadcde1e6e0-4b5739d43994fef550a3a69f3502ff940baf6d6f _ stdiff conflicting
snabb-d8cfc370ef182ff3240ffd1e27e33d4594fde658-2ba234d04d7618b2f936271d254262833013a448 _ stdiff unknown(251)
snabb-d8cfc370ef182ff3240ffd1e27e33d4594fde658-589543f1fddee47b9c039ac754b63ddfad7ea377 _ stdiff unknown(251)
snabb-d8cfc370ef182ff3240ffd1e27e33d4594fde658-a179d50eab3b056d735692fd970c6a0612d8e0a8 _ stdiff conflicting
snabb-d8cfc370ef182ff3240ffd1e27e33d4594fde658-c622443d96d57d41b089f0273a79411a8a219b0d _ stdiff conflicting
snabb-ddd5339d52cceae5679173e9f18de1678fb72c0e-e9540b5a5b71a7062177409907742beed800238b _ stdiff unknown(251)
snabb-e130dc39e7f3879b7a5df53823c5400933bfb6fd-4ed7e73f46e8cfd1660a8605c6f2da5625157dba _ stdiff parse-error
snabb-e16c5e5232157dc5dd21c138568a7f59f9af1b2d-3ec4b6b2d30c1e644e804249bbb9ec41b624d4e2 _ stdiff conflicting
snabb-e16c5e5232157dc5dd21c138568a7f59f9af1b2d-56b37fe70fcf4d5bb8306aa2309600090d4868b6 _ stdiff conflicting
snabb-e16c5e5232157dc5dd21c138568a7f59f9af1b2d-7d00b8ff6db2944495a150b1a82c3d04b1b5acf2 _ stdiff conflicting
snabb-e16c5e5232157dc5dd21c138568a7f59f9af1b2d-de34a4d5d73f7a90d2a16ec3d8e032a7ec1e0082 _ stdiff conflicting
snabb-e16c5e5232157dc5dd21c138568a7f59f9af1b2d-e61b575a7de941c65918e423ca14e298a9d8fbf1 _ stdiff conflicting
snabb-e3db28a86b4dcd02da66447041db294fdb18919b-cf080974c3953e1555b97f6dfc1036617f1a9214 _ stdiff parse-error
snabb-e544ae9e2a2a003f3df042c786f672e2cf6945fd-74f116d0bfd513388d8603032a715caa7f4f56e0 _ stdiff parse-error
snabb-e544ae9e2a2a003f3df042c786f672e2cf6945fd-763017beb85a60197a055a9e2c061fb3a042b9c0 _ stdiff conflicting
snabb-e544ae9e2a2a003f3df042c786f672e2cf6945fd-ba8a3c14b423d5d5d9bf239a9388f58ccc68620d _ stdiff parse-error
snabb-e55afadd917720531a038836fc0ba3883af52e95-112cdd54912f79f39a91920a74e7eec34c22f41c _ stdiff success
snabb-e55afadd917720531a038836fc0ba3883af52e95-77b5a93917cb2cf7188ce293ec0839c95fe2b720 _ stdiff success
snabb-e5b1a66ed8b73d6256cd5f06fa27ace5f2793931-9fb08ab78254c21a2db263a3b389a8dcf7d269b9 _ stdiff merge-diff
snabb-e64ae53f7f4bd4b74a3e0135fd94a2e925263734-49b8cd17462c28b58f93074ccbad6652454e5090 _ stdiff timeout
snabb-e95755051dadd5b898208486963158373b200502-23f3d896d50c1c7ca24333e8aaf8c5c11d64946e _ stdiff parse-error
snabb-eb9cd96b85c2c5f646a70d441011728fe3b0ac5e-88eb44d3e425aca73dd09a05774c583f18ffda8d _ stdiff parse-error
snabb-f3a4bfa1e30e467d844ecb5147c44b7ee9470cff-f888e438b7a322e2ff057dc5bd04a9d995844243 _ stdiff unknown(251)
snabb-f3ab7a5d107749a32f9667772bc2979ebbf905e5-eee63538bf0adaa89d3d383bab17044b60c51b91 _ stdiff conflicting
snabb-f891072f1d7d1443b93098cf3b2fa93da987fc1f-fad217fd6099dad4845c74ba4eebe68b2bb2e10c _ stdiff conflicting
snabb-f8f5733603a106932a42afaa5cf43bd9a5d3243f-045b52de2659a312a6d9dc8b2fe1828f9cce8297 _ stdiff unknown(251)
snabb-f8f5733603a106932a42afaa5cf43bd9a5d3243f-ef4f6de88eb23ce0457542835841c9df584de986 _ stdiff unknown(251)
snabb-faa76aa618141e769719b619d8f4e1089cee3a7c-b9fecf869b76b07f0d4ed0066ec29736d60b3b19 _ stdiff conflicting
tarantool-02adb2a8eb83ec636d4f6a9618ec30a66edc1322-9a6eaf1c5ea3b5450670d138200b101306b6008d _ stdiff unknown(251)
tarantool-0896a39e3e4cd927c6a90f164f7d73554ed47d5c-e033f03f7fdd3788338b3b9f8faff44e191e0079 _ stdiff parse-error
tarantool-09c0c2402066700882eacf7438591a5c789419de-f7dba0df8766797226159b222482c34b014a9e1a _ stdiff conflicting
tarantool-0f6e62be50207f7474f958f5582670d771dc960a-58916194461a0b994c51fbc957ec823b5cfcf763 _ stdiff unknown(251)
tarantool-14fb3845679f8e55f4c0a38402e3b160dedb501e-6273f442bff0ff1f854b20da25364214ac236249 _ stdiff unknown(251)
tarantool-19bd23be3d8a29e3888e92d370648d5c12c09ca9-10d395c3e8f1331ca91c69c09c4aa3db40204d03 _ stdiff conflicting
tarantool-1c187f5359bdf7a90fab4c417c259702a631c9d2-04ae7ab484a311774427552c38c34b3bbb5f6e56 _ stdiff conflicting
tarantool-273ae7d9e14dd11566b48b3ac18818cbfd3e6e8e-3be1120d8d52f62b216f4db7c7760e9b07b370b5 _ stdiff parse-error
tarantool-28c2a8bf2985fa417d545f5feaf6c9bbfdf72d18-01f9cd6eafe825d861943ed394922c6d59c6a294 _ stdiff unknown(251)
tarantool-28c2a8bf2985fa417d545f5feaf6c9bbfdf72d18-46382129fca00bcb88f595527dafd986658ed700 _ stdiff unknown(251)
tarantool-2a79550c6662bf65527947ac9ce6b1934abb4fc5-fb3b8e6100204d863f8ea55193396f001fb4748f _ stdiff conflicting
tarantool-2cfd61bb0e275f209a120a16193569caea2ee36f-537e282c84291acbfe20a12356f49a2182425053 _ stdiff unknown(251)
tarantool-3496db7a12b0cbbbf48e003ab98e2a7c79698fd4-fa3be1ee8bf9cf36626c2e790d2c90e3b8e475c7 _ stdiff unknown(251)
tarantool-35b8bcdad837ed42c9642921d29e579dad28b7db-e582ca72e8c0e245b1ca82a09beed2d375535145 _ stdiff conflicting
tarantool-3b6d9661c7be6c2e5f485162099f40d4d8670085-5271a2940563c553ac67fe20106e4bf4d573dfe3 _ stdiff conflicting
tarantool-3e4a8caeff20dfb6dbe042fa46f02a4493de6127-0b705fee46921b71b1718c71ea60704c79e97138 _ stdiff unknown(251)
tarantool-427637f1daebd54e3f906853d5d4fd6a37948702-285e6c6476ce802dc890cc2406943c78e9ce163e _ stdiff conflicting
tarantool-42a31685f186038128c6a6e8d8a725ccf0c589e0-0293f6ef8ddd84fb8518c13a290163072d99794e _ stdiff unknown(251)
tarantool-5b4b059652111795571a987aab63004c79b8e650-e0d701ee4fa7c0e28313df461a6c4cec51b31006 _ stdiff unknown(251)
tarantool-5babe603b78dbd8439dc52b5c1910c22ab68eaf1-1259b1b4d9dd7fbc1dd122f7e78deb89fb47b5b2 _ stdiff conflicting
tarantool-5babe603b78dbd8439dc52b5c1910c22ab68eaf1-5a2074a5aa667cf179c3063d829b3075954b6cc4 _ stdiff unknown(251)
tarantool-5babe603b78dbd8439dc52b5c1910c22ab68eaf1-7034ed0bade62004ada798a3541681c2f46c8d9b _ stdiff conflicting
tarantool-5babe603b78dbd8439dc52b5c1910c22ab68eaf1-72fe055f75b11a03e9ceacb3765521f8c001aa3b _ stdiff conflicting
tarantool-5babe603b78dbd8439dc52b5c1910c22ab68eaf1-c141d742d0c00df2e7bd045bf383eb5413e27a51 _ stdiff conflicting
tarantool-5babe603b78dbd8439dc52b5c1910c22ab68eaf1-fbf1520f44f2544a25288002cea560eb00138414 _ stdiff success
tarantool-6441f9b5a960c5e1371e9c58328e5ef7f508844c-d3e5a59465f0dd653fdb7769694a2a1255bf5f85 _ stdiff unknown(251)
tarantool-6a2f3cc80dfc4e5dd625bc7139fa950c99810f76-e811602687972d093838b0ac4a6ead0dc5ddd0fc _ stdiff unknown(251)
tarantool-712108d2f470a570d4a600e41108c8784989a828-cf7b672c75dd24b5e5deb06c3405e13be6fa70ba _ stdiff unknown(251)
tarantool-72ffee2bcf14d60ba0dcd03499627cf2dffd37c5-284f1c156ea6b8c40a2b4e6994d51dd3210d13c9 _ stdiff unknown(251)
tarantool-7c8a5825b578b9a650dfde88f4c160951dca4b67-b3c3003ee6f90a57bb8a45b0396efdc89cbfba09 _ stdiff unknown(251)
tarantool-7ed359b35fad4c88b4ab1e17b72fb16cca43e9b8-83d5c34e19de9ccd5dc09e0634a71840566ba349 _ stdiff unknown(251)
tarantool-84b7a1c6ebb163487c5ae1a47fe249ec96cdd37c-be1a7851fe3c9016b4531e2e1fde8d149f574ef1 _ stdiff unknown(251)
tarantool-8bf936f7ded4e0abce4d0ce977034c7e28c5382e-2a7142de679225064c76e08eccd0a90884962da1 _ stdiff conflicting
tarantool-8d89b64183ecdbfc8d84a196f4fb0476f0ac7c01-ca7c1be90de9886db6e9dc64d4a47a43d2db5fda _ stdiff unknown(251)
tarantool-8dbdac93f3d3ba2b0ae4e88ca84837879892e598-3c04efe5b0dad8e6ed5f0b93276194adbdb0dbaf _ stdiff unknown(251)
tarantool-91066ee8107f024dd4935422d74244c1ca53b3b6-3293d269880032abdc0da2b01443e8c07ff8c8d9 _ stdiff parse-error
tarantool-91594e4021f40c3b5963cdf627a3a93de5a84f19-48721f9f08dacfceb25515dad55430111c3cfc8f _ stdiff unknown(251)
tarantool-916e3c154698ad1307dc61dd21d1f4dd485f3a9c-3fcf4384476e1410fada7883d08862cd32e98c50 _ stdiff conflicting
tarantool-95948a243e3815cf05f631613c3ceb6ea52b4469-1c413ec6ad7f6d98bc027746c2a0153723692e08 _ stdiff conflicting
tarantool-96e00c4a50ab243e9d5e16ffe0757f428ae9129d-f3d7893316ddd203f1c5361758a520d5174e79eb _ stdiff conflicting
tarantool-9c5370eb409e043a98f07e81dfa685ab4fdef333-30c6bc69c67d77034cb7f281961a2c5af05d2e83 _ stdiff unknown(251)
tarantool-a53218cab1ddefb3349185c4aed6c280e0711818-db8317903ff4361cfdb3452e1d7ea6e107102fb7 _ stdiff success
tarantool-b4715a87b2f3a45b7e496b2a6b82787686e8c6c9-1f99c95adc47e38ff9d5a89a93b0a21f40b35df7 _ stdiff conflicting
tarantool-bc02427b1104180e99efa0d86080c03148758131-d5431929955fd8f468c1d930bab71634e06ec3c6 _ stdiff unknown(251)
tarantool-bd76ca4e91c324507f94e908a54613cfecf6103c-2f68c47aa841c94a1b694fe96d50c675ffb4f146 _ stdiff conflicting
tarantool-c68b2118917741e745c8e4a55ea06729c8424fc1-cca18f70499c00786d10334ece7dbbc01815d213 _ stdiff conflicting
tarantool-cb78299f0e78ae4823e62ca3506d91352d558888-3e8fdd797639bdf25c0574e624b57f31cd3f3423 _ stdiff unknown(251)
tarantool-d1eeef035c19695942e288555ffd0185be04ae5c-4e22b04b4bdfe8fd7b5a93d48df9c1bbf623f85f _ stdiff conflicting
tarantool-de1543476361d97878d3b5b4f8577577f1c672b1-ae8951740c0ee1a91db47c8c7ec79c4b93bf9eb4 _ stdiff conflicting
tarantool-de33ecf4a3d2501ccd1532a3d295ff36be5332e0-61b0ed08709bfba288bb051a352c01ce95ebddc1 _ stdiff conflicting
tarantool-dea36bbfee4f3e20f848407da84e1a77e3f3bd66-44beef9b5ce77c8c7cc7000264267337de379f1e _ stdiff unknown(251)
tarantool-df71047983c7adf48b8668b5b7bbdb71ec04346c-4ed2b375d026ba30b2d6867a85cdb2018688d986 _ stdiff unknown(251)
tarantool-ecd31ef5f767b97ad5e12c4e8d721b4e39dd1a45-b88c0cf56179c5167a18b775879001ceeef5cdf5 _ stdiff unknown(251)
tarantool-f026deaf311940c13126b030848d2f8b18789144-bf67a9ca563ab52f4134fd852a2614866de1576e _ stdiff conflicting
tarantool-f4b8b743652daf2707c98dd4681cc0c07791be70-7e6798a1c9bad38380145a3c553fd68a7659fc39 _ stdiff unknown(251)
tarantool-f8b405a479feed4a6643632b3fdd6c93906ce6d8-2f2a936772a3e79a5b5fdba7fceab743dde2d4b1 _ stdiff unknown(251)
tarantool-fdd86aa57dfc98ef9cb24f991de9e3916115b1ed-c42b5657f9b10c49e44461d69fb82576bd8e3fe2 _ stdiff unknown(251)
telegram-bot-0438abeee3ad7266d62fd487c0f09bf60d7b06b5-2396afa4425c96d8cd72cfbed7d6f7c09beb754a _ stdiff success
telegram-bot-475f6fcfecded8590f6e817cfe332a77f7c5929b-e9fcf7ea2d41b12cfeb83b3438f0f92f712ee63a _ stdiff conflicting
telegram-bot-6b921e0f410410818b2d89a0244c86bf6beb7295-3f340e76417063257117ec312625f8f2fc545f74 _ stdiff conflicting
telegram-bot-72a94106f0dd748c143af31ca9559145fc1bd381-49f5b02a7bf1faaec6824b9488328dfde30b9ce6 _ stdiff conflicting
telegram-bot-7591920a391ba561b536d4162aa1afbf4e9ce5cc-70f5d8b2f44fabdaacdfbe137a0a16a3cb0fa733 _ stdiff conflicting
VeryNginx-1c980950d30759a305785a0492b39585014e4504-95a105728ff2aad60d23a839fff2ee1d31a6801d _ stdiff merge-diff
VeryNginx-1d8370b10ce38c7e0cdced950c37f17e43f7a058-79f5da92a9a540de3db4a1e2c90e1603c1774eea _ stdiff conflicting
VeryNginx-f913ce30726a1d96d2d8d0439b87bfc4f4087cec-0d5ff5bcd8ae88e21f0fd4a3c23500587247796c _ stdiff conflicting
ZeroBraneStudio-15154050f95ab61a0405375a2f229d97cbb26b4e-282947eaf38771f988d316434907f36fdecb15c9 _ stdiff success
ZeroBraneStudio-15154050f95ab61a0405375a2f229d97cbb26b4e-36059bbb5515d1b4ea06eeeb997320846b2abff1 _ stdiff success
ZeroBraneStudio-15154050f95ab61a0405375a2f229d97cbb26b4e-44416c3a7bee96a57a9c53437f80543ec2d01668 _ stdiff success
ZeroBraneStudio-15154050f95ab61a0405375a2f229d97cbb26b4e-55a5b89aea64ec32b87433958231127150468318 _ stdiff parse-error
ZeroBraneStudio-15154050f95ab61a0405375a2f229d97cbb26b4e-56621b844d3085560f10c81fd90e8a9ba0ded9d9 _ stdiff conflicting
ZeroBraneStudio-15154050f95ab61a0405375a2f229d97cbb26b4e-7efcce5f78f74aaf6904be848ff623f8df592540 _ stdiff conflicting
ZeroBraneStudio-15154050f95ab61a0405375a2f229d97cbb26b4e-847034940099cdb8b515b96b899bb427722e35b5 _ stdiff conflicting
ZeroBraneStudio-15154050f95ab61a0405375a2f229d97cbb26b4e-bca395b8cf93244ef18f98061fbd12ead17a0a67 _ stdiff merge-diff
ZeroBraneStudio-15154050f95ab61a0405375a2f229d97cbb26b4e-cd18ad5bf7ea400a596328a84c10ad56b7d820f7 _ stdiff conflicting
ZeroBraneStudio-15154050f95ab61a0405375a2f229d97cbb26b4e-db4ab2b8e0dae700517427b11bdc78674ea5bbc3 _ stdiff conflicting
ZeroBraneStudio-15154050f95ab61a0405375a2f229d97cbb26b4e-e8eb39fca9d73fc4645a16432311abc60bdbeba6 _ stdiff conflicting
ZeroBraneStudio-15154050f95ab61a0405375a2f229d97cbb26b4e-f21f399b9affda666cf52de4e6fc9652b28d85b8 _ stdiff conflicting
ZeroBraneStudio-15154050f95ab61a0405375a2f229d97cbb26b4e-fb4d8be2f24677defa836cb158d4067f8db4a759 _ stdiff conflicting
ZeroBraneStudio-3f1d617c8f1e05e31dd2b9838074fd5747284040-deb2c7c4b5225a8a1d6cc4a187040734c9df6e3d _ stdiff success
ZeroBraneStudio-46da5b66978170d085b4c8a770f9181d96e4585d-650290b4691717eb4cb16ad421c2667d76a9a2dd _ stdiff timeout
ZeroBraneStudio-478a87c8d082d5ae08f5713530f00fc46d390e4f-9905b8e8840eee45478f8dec4da9fa2c5ea71c01 _ stdiff conflicting
ZeroBraneStudio-518c2ca90a8850867443ed7671330114d086470a-31b8c7f2013f051b9bc04f31348051e25797fec2 _ stdiff conflicting
ZeroBraneStudio-52b6438159d8feee6c609d66f05312bcb77e2c2f-0abc1cd41eb0aae041be1e00330604f66a9fe50b _ stdiff success
ZeroBraneStudio-5c0bf93d9c0c6d1a6fdb6ebd5be21b6f6e119a88-9e6a1e9da8e67b4009edfb713f7699c63ae14834 _ stdiff parse-error
ZeroBraneStudio-6fb6c73495b40c3ed2904157296506db5bc059df-7c1bdb607412b778719f5c04daf81dccee4918fd _ stdiff conflicting
ZeroBraneStudio-c2d9a0dbac199ebbacb973f4ca6573d0d3a4618a-2173686b71401b3a738320ceb90029fc6d78e5bb _ stdiff conflicting
ZeroBraneStudio-db315532ed82ff6d3851821d7d4902d6182023e5-ace3390048f3beb7eaeb915f2e1a2b6cd79ea959 _ stdiff conflicting
z.lua-f35d235e02047c143d1da9aa70ed58cf6f3c12ad-cf06a53ca99eea5000a42d703dd72b7cd8f95497 _ stdiff unknown(251)
