acme.sh-0533bde9f2d5b12886df91380707b24efba7d009-66abd8826cf5bdfd31ff9a1cfc396030636847f8 _ stdiff unknown(251)
acme.sh-073ca4bf8d9b128784b65afc15b852389210a675-66ea5c9ba677a513156ab58ae6a63094e4be0af8 _ stdiff unknown(251)
acme.sh-2cbc04e04d5aa245e01582e295ea745bfeaf141e-67fcdcb59f1aa8d0394a527a9e0b2ee482d4ac2a _ stdiff unknown(251)
acme.sh-3747b7d9301086b2a36185ebdba0839b1c1ab7e9-0caf0c0251869c7d1606ddff51bea3dd39fe0d53 _ stdiff conflicting
acme.sh-47a25cc3e8b46c49d42591431a7c9cea985547ad-f53d8ad487c87dd86a090b94a47c4c2b4299f00b _ stdiff parse-error
acme.sh-84b0f29d87e89a568307b5c6298ee3d5ebb78e35-21c9196fa3a405ab0ff521ab6e7adb331e62d7e5 _ stdiff conflicting
acme.sh-d87af4788e271869c91d5cc8115ba1c37e0eb293-49f3c3fd7923e2f1ac7a4a9a2a43e90ccd1b16a4 _ stdiff unknown(251)
bash3boilerplate-bbb589ee0af9d55c9a1bbb93b2fe17e811555c55-4dfe1db58057698e9aad5cbe2ccb49764e49062f _ stdiff success
bash3boilerplate-e2602f6a588e2684ac5b79c7923a1c069e727f63-55d81b0dffb8a93f7870abe9482b8d9433fb1a74 _ stdiff timeout
bashblog-09be7f7d905884dd94a76d106bef5fd2bd21ebb2-3380c982e929442915ac69d9dcb6d7665e6c105d _ stdiff unknown(251)
bashblog-62a26bb5759fa74277178a98cc2d45b0c404322a-0bac7922c97aba331c952f7e415a9545b2376351 _ stdiff unknown(251)
bashblog-e2735d926b2a8bfd7ee6050e3b87b30d315535f5-d5398d2b3cfe14da7a338c1b1aa0b9ddb7e3ca9d _ stdiff unknown(251)
bash-git-prompt-0e6b70f8e3fe88e9070d8f6523808716c110e7d2-df90245b612907b017caeb7288b0eca913fd72ff _ stdiff conflicting
bash-git-prompt-31773c1bd62d934e6d2d3478f604dbd1ca10f3dd-84791fa627c4fe7cf0eef869ec89b6da5991e236 _ stdiff conflicting
bash-git-prompt-45737de94592128b9c233f34c42fe518da0398b8-686804c9478814a88e0b33b1771f99b2e0537eb1 _ stdiff conflicting
bash-git-prompt-45737de94592128b9c233f34c42fe518da0398b8-f4ca70e3993772020809a8749ff8d7a1c4343a28 _ stdiff unknown(251)
bash-git-prompt-6f47998906982f3007962c65371f6da7a75798e6-a49f7846e078a8c9b9dd3ac4c5497af32165e106 _ stdiff conflicting
bash-git-prompt-71ab709ab9a840d360e338264148bd9b2f333bd8-84791fa627c4fe7cf0eef869ec89b6da5991e236 _ stdiff conflicting
bash-git-prompt-a91bbe7231602157986940abb18880e0bf79bc6e-1dab935ed679e4e1cc38bd3155b3b029479ddc0a _ stdiff unknown(251)
bash-git-prompt-a91bbe7231602157986940abb18880e0bf79bc6e-aa76a493431a40543b6342870f8d7bac27ae2f70 _ stdiff conflicting
bash-git-prompt-b50cc5cb0d439a2dbde537b8117f5df9769e8fe2-9cff1c454b4836d4da20d8ca7c75201dd94b7778 _ stdiff conflicting
bash-git-prompt-d7cd692f7a6b12f087f7f7f37fe270cd5d0a3220-0275a316554a739d65dbaa91a2cb8b14bae1cb6c _ stdiff parse-error
bash-git-prompt-df7894135a05b2509b8b365c705ddb089b5cdb10-42b8eaabf26cf9e023dacc9f9b4044c688637605 _ stdiff parse-error
bash-git-prompt-df7894135a05b2509b8b365c705ddb089b5cdb10-5c39736e15b9cd2cde179d591a1cc7d3def9b891 _ stdiff parse-error
bash-git-prompt-f6eba356b0b725e4432726caa610b3af5a4d8277-1dab935ed679e4e1cc38bd3155b3b029479ddc0a _ stdiff timeout
bash-git-prompt-f6eba356b0b725e4432726caa610b3af5a4d8277-aa76a493431a40543b6342870f8d7bac27ae2f70 _ stdiff conflicting
bash-git-prompt-fc6d4d87e77e117d8b36c3834e73f11b04d8acf7-5416fecb1a82a8d589a41b38988467d74607aba5 _ stdiff conflicting
bash-it-ad7c1eb304b17a3d8800ffa3a6379ca069f6027f-fd7b546d748d745c68c1ca93324af957755509a5 _ stdiff conflicting
bashmarks-a68eb2d42409d413ae50d591aca180269fb1a1cf-650e416d9cb48a9e3ab30544c879b2d5142546d3 _ stdiff merge-diff
bash-powerline-10c9e0f1a99cba51550b7a5665eae9726c39dd54-faec072d1b88f12ab83078365d0d874748da3a26 _ stdiff conflicting
bashttpd-2825595dbb8dfeb7bfe7dc4596566c8fd96f9efd-a408a4db371cd6bfcf65d527264bbc47cfccec57 _ stdiff conflicting
homeshick-45eeb3c371a96fa26cb230dfe88f1d1cb38b432b-37de80af8bb92b77097f8bc132f95564a7efa407 _ stdiff conflicting
homeshick-ca012aca8aad23d2a9bea45958cafa6529ce0bd7-ef6dc984f6ee0427d04e9a69e42e0ae352fc8e9c _ stdiff conflicting
homeshick-f398537fa5f914574cb467560a825350685a0b00-272ca82e724a9539b30052ae0c9af02c5415d10f _ stdiff conflicting
nvm-2d4c9b084643f69d32a3ad9764e473562bd66745-99eb87ab05fa60d4e3d08cb7a66f8cc3e3d8129b _ stdiff unknown(251)
nvm-4df45ac51a12904b5f9f5142443f0d6def432ea8-f59c99f4e7d986df1ac342adfbd91339e9af69e4 _ stdiff conflicting
nvm-7805492bda4f3239e22779752f06c1371db55157-969af37d06dbcf8717fbefd8baaa3233855e4193 _ stdiff unknown(251)
nvm-85566c96823fd0e78bbee43201107d1ffad8b91c-99eb87ab05fa60d4e3d08cb7a66f8cc3e3d8129b _ stdiff timeout
nvm-903479aecaba9562b326d0440b897a059a33b528-9e157a63bdacf7cd088986c856ee1b6482a59bc4 _ stdiff unknown(251)
